[0.015s] Invoking command in '/home/ayush/Documents/cafeBot_ws/build/cafe_bot': CMAKE_PREFIX_PATH=${CMAKE_PREFIX_PATH}:/opt/ros/humble /usr/bin/cmake --build /home/ayush/Documents/cafeBot_ws/build/cafe_bot -- -j12 -l12
[0.114s] [35m[1mConsolidate compiler generated dependencies of target task3[0m
[0.114s] [35m[1mConsolidate compiler generated dependencies of target task2[0m
[0.128s] [ 50%] Built target order
[0.128s] [ 50%] Built target task1
[0.133s] [ 75%] [32mBuilding CXX object CMakeFiles/task3.dir/src/task3.cpp.o[0m
[0.133s] [ 87%] Built target task2
[2.442s] [01m[K/home/ayush/Documents/cafeBot_ws/src/cafe_bot/src/task3.cpp:175:4:[m[K [01;31m[Kerror: [m[Kexpected â€˜[01m[K;[m[Kâ€™ after class definition
[2.442s]   175 |   }
[2.443s]       |    [01;31m[K^[m[K
[2.443s]       |    [32m[K;[m[K
[2.443s] [01m[K/home/ayush/Documents/cafeBot_ws/src/cafe_bot/src/task3.cpp:[m[K In constructor â€˜[01m[KNavigator::Navigator()[m[Kâ€™:
[2.443s] [01m[K/home/ayush/Documents/cafeBot_ws/src/cafe_bot/src/task3.cpp:17:46:[m[K [01;31m[Kerror: [m[Kclass â€˜[01m[KNavigator[m[Kâ€™ does not have any field named â€˜[01m[Ktf_buffer_[m[Kâ€™
[2.443s]    17 |   Navigator() : Node("goal_pose_publisher"), [01;31m[Ktf_buffer_[m[K(this->get_clock()), tf_listener_(tf_buffer_)
[2.443s]       |                                              [01;31m[K^~~~~~~~~~[m[K
[2.443s] [01m[K/home/ayush/Documents/cafeBot_ws/src/cafe_bot/src/task3.cpp:17:77:[m[K [01;31m[Kerror: [m[Kclass â€˜[01m[KNavigator[m[Kâ€™ does not have any field named â€˜[01m[Ktf_listener_[m[Kâ€™
[2.443s]    17 |   Navigator() : Node("goal_pose_publisher"), tf_buffer_(this->get_clock()), [01;31m[Ktf_listener_[m[K(tf_buffer_)
[2.443s]       |                                                                             [01;31m[K^~~~~~~~~~~~[m[K
[2.456s] [01m[K/home/ayush/Documents/cafeBot_ws/src/cafe_bot/src/task3.cpp:17:90:[m[K [01;31m[Kerror: [m[Kâ€˜[01m[Ktf_buffer_[m[Kâ€™ was not declared in this scope
[2.456s]    17 |   Navigator() : Node("goal_pose_publisher"), tf_buffer_(this->get_clock()), tf_listener_([01;31m[Ktf_buffer_[m[K)
[2.456s]       |                                                                                          [01;31m[K^~~~~~~~~~[m[K
[2.463s] [01m[K/home/ayush/Documents/cafeBot_ws/src/cafe_bot/src/task3.cpp:19:5:[m[K [01;31m[Kerror: [m[Kâ€˜[01m[Ktable_pos_sub_[m[Kâ€™ was not declared in this scope
[2.463s]    19 |     [01;31m[Ktable_pos_sub_[m[K = this->create_subscription<std_msgs::msg::Int8>(
[2.463s]       |     [01;31m[K^~~~~~~~~~~~~~[m[K
[2.504s] [01m[K/home/ayush/Documents/cafeBot_ws/src/cafe_bot/src/task3.cpp:22:5:[m[K [01;31m[Kerror: [m[Kâ€˜[01m[Kgoal_pos_pub_[m[Kâ€™ was not declared in this scope; did you mean â€˜[01m[Kgoal_pose_[m[Kâ€™?
[2.504s]    22 |     [01;31m[Kgoal_pos_pub_[m[K = this->create_publisher<geometry_msgs::msg::PoseStamped>("/goal_pose", 10);
[2.504s]       |     [01;31m[K^~~~~~~~~~~~~[m[K
[2.504s]       |     [32m[Kgoal_pose_[m[K
[2.510s] [01m[K/home/ayush/Documents/cafeBot_ws/src/cafe_bot/src/task3.cpp:24:5:[m[K [01;31m[Kerror: [m[Kâ€˜[01m[Ktimer_[m[Kâ€™ was not declared in this scope; did you mean â€˜[01m[Ktimer_t[m[Kâ€™?
[2.510s]    24 |     [01;31m[Ktimer_[m[K = this->create_wall_timer(std::chrono::seconds(1), std::bind(&Navigator::check_goal_reached, this));
[2.511s]       |     [01;31m[K^~~~~~[m[K
[2.511s]       |     [32m[Ktimer_t[m[K
[2.522s] [01m[K/home/ayush/Documents/cafeBot_ws/src/cafe_bot/src/task3.cpp:25:5:[m[K [01;31m[Kerror: [m[Kâ€˜[01m[Kdone_pub_[m[Kâ€™ was not declared in this scope
[2.522s]    25 |     [01;31m[Kdone_pub_[m[K = this->create_subscription<std_msgs::msg::Bool>(
[2.522s]       |     [01;31m[K^~~~~~~~~[m[K
[2.522s] [01m[K/home/ayush/Documents/cafeBot_ws/src/cafe_bot/src/task3.cpp:26:42:[m[K [01;31m[Kerror: [m[Kâ€˜[01m[Knav_next[m[Kâ€™ is not a member of â€˜[01m[KNavigator[m[Kâ€™
[2.522s]    26 |       "/done", 10, std::bind(&Navigator::[01;31m[Knav_next[m[K, this, std::placeholders::_1));
[2.522s]       |                                          [01;31m[K^~~~~~~~[m[K
[2.528s] [01m[K/home/ayush/Documents/cafeBot_ws/src/cafe_bot/src/task3.cpp:[m[K In member function â€˜[01m[Kvoid Navigator::nav_kitchen()[m[Kâ€™:
[2.528s] [01m[K/home/ayush/Documents/cafeBot_ws/src/cafe_bot/src/task3.cpp:62:5:[m[K [01;31m[Kerror: [m[Kâ€˜[01m[Kgoal_pos_pub_[m[Kâ€™ was not declared in this scope; did you mean â€˜[01m[Kgoal_pose_[m[Kâ€™?
[2.528s]    62 |     [01;31m[Kgoal_pos_pub_[m[K->publish(goal_msg);
[2.528s]       |     [01;31m[K^~~~~~~~~~~~~[m[K
[2.529s]       |     [32m[Kgoal_pose_[m[K
[2.537s] [01m[K/home/ayush/Documents/cafeBot_ws/src/cafe_bot/src/task3.cpp:[m[K In member function â€˜[01m[Kvoid Navigator::nav_table(std_msgs::msg::Int8_<std::allocator<void> >::SharedPtr)[m[Kâ€™:
[2.537s] [01m[K/home/ayush/Documents/cafeBot_ws/src/cafe_bot/src/task3.cpp:97:5:[m[K [01;31m[Kerror: [m[Kâ€˜[01m[Kgoal_pos_pub_[m[Kâ€™ was not declared in this scope; did you mean â€˜[01m[Kgoal_pose_[m[Kâ€™?
[2.537s]    97 |     [01;31m[Kgoal_pos_pub_[m[K->publish(goal_msg);
[2.537s]       |     [01;31m[K^~~~~~~~~~~~~[m[K
[2.537s]       |     [32m[Kgoal_pose_[m[K
[2.543s] [01m[K/home/ayush/Documents/cafeBot_ws/src/cafe_bot/src/task3.cpp:[m[K In member function â€˜[01m[Kvoid Navigator::nav_home()[m[Kâ€™:
[2.543s] [01m[K/home/ayush/Documents/cafeBot_ws/src/cafe_bot/src/task3.cpp:122:5:[m[K [01;31m[Kerror: [m[Kâ€˜[01m[Kgoal_pos_pub_[m[Kâ€™ was not declared in this scope; did you mean â€˜[01m[Kgoal_pose_[m[Kâ€™?
[2.543s]   122 |     [01;31m[Kgoal_pos_pub_[m[K->publish(goal_msg);
[2.543s]       |     [01;31m[K^~~~~~~~~~~~~[m[K
[2.543s]       |     [32m[Kgoal_pose_[m[K
[2.549s] [01m[K/home/ayush/Documents/cafeBot_ws/src/cafe_bot/src/task3.cpp:[m[K In member function â€˜[01m[Kvoid Navigator::check_goal_reached()[m[Kâ€™:
[2.549s] [01m[K/home/ayush/Documents/cafeBot_ws/src/cafe_bot/src/task3.cpp:142:56:[m[K [01;31m[Kerror: [m[Kâ€˜[01m[Ktf_buffer_[m[Kâ€™ was not declared in this scope
[2.549s]   142 |       geometry_msgs::msg::TransformStamped transform = [01;31m[Ktf_buffer_[m[K.lookupTransform("map", "base_link", tf2::TimePointZero);
[2.549s]       |                                                        [01;31m[K^~~~~~~~~~[m[K
[2.550s] [01m[K/home/ayush/Documents/cafeBot_ws/src/cafe_bot/src/task3.cpp:171:7:[m[K [01;31m[Kerror: [m[Kâ€˜[01m[Kelse[m[Kâ€™ without a previous â€˜[01m[Kif[m[Kâ€™
[2.550s]   171 |       [01;31m[Kelse[m[K {
[2.550s]       |       [01;31m[K^~~~[m[K
[2.555s] [01m[K/home/ayush/Documents/cafeBot_ws/src/cafe_bot/src/task3.cpp:[m[K In function â€˜[01m[Kvoid nav_next(std_msgs::msg::Bool_<std::allocator<void> >::SharedPtr)[m[Kâ€™:
[2.555s] [01m[K/home/ayush/Documents/cafeBot_ws/src/cafe_bot/src/task3.cpp:180:7:[m[K [01;31m[Kerror: [m[Kâ€˜[01m[Kdone_flag[m[Kâ€™ was not declared in this scope
[2.555s]   180 |       [01;31m[Kdone_flag[m[K=1;
[2.555s]       |       [01;31m[K^~~~~~~~~[m[K
[2.588s] [01m[K/home/ayush/Documents/cafeBot_ws/src/cafe_bot/src/task3.cpp:[m[K At global scope:
[2.588s] [01m[K/home/ayush/Documents/cafeBot_ws/src/cafe_bot/src/task3.cpp:190:19:[m[K [01;31m[Kerror: [m[Kno matching function for call to â€˜[01m[Ktf2_ros::Buffer::Buffer()[m[Kâ€™
[2.588s]   190 |   tf2_ros::Buffer [01;31m[Ktf_buffer_[m[K;
[2.588s]       |                   [01;31m[K^~~~~~~~~~[m[K
[2.588s] In file included from [01m[K/home/ayush/Documents/cafeBot_ws/src/cafe_bot/src/task3.cpp:6[m[K:
[2.588s] [01m[K/opt/ros/humble/include/tf2_ros/tf2_ros/buffer.h:73:18:[m[K [01;36m[Knote: [m[Kcandidate: â€˜[01m[Ktf2_ros::Buffer::Buffer(rclcpp::Clock::SharedPtr, tf2::Duration, rclcpp::Node::SharedPtr)[m[Kâ€™
[2.588s]    73 |   TF2_ROS_PUBLIC [01;36m[KBuffer[m[K(
[2.588s]       |                  [01;36m[K^~~~~~[m[K
[2.596s] [01m[K/opt/ros/humble/include/tf2_ros/tf2_ros/buffer.h:73:18:[m[K [01;36m[Knote: [m[K  candidate expects 3 arguments, 0 provided
[2.596s] [01m[K/home/ayush/Documents/cafeBot_ws/src/cafe_bot/src/task3.cpp:191:30:[m[K [01;31m[Kerror: [m[Kno matching function for call to â€˜[01m[Ktf2_ros::TransformListener::TransformListener()[m[Kâ€™
[2.596s]   191 |   tf2_ros::TransformListener [01;31m[Ktf_listener_[m[K;
[2.596s]       |                              [01;31m[K^~~~~~~~~~~~[m[K
[2.597s] In file included from [01m[K/home/ayush/Documents/cafeBot_ws/src/cafe_bot/src/task3.cpp:5[m[K:
[2.597s] [01m[K/opt/ros/humble/include/tf2_ros/tf2_ros/transform_listener.h:90:3:[m[K [01;36m[Knote: [m[Kcandidate: â€˜[01m[Ktemplate<class NodeT, class AllocatorT> tf2_ros::TransformListener::TransformListener(tf2::BufferCore&, NodeT&&, bool, const rclcpp::QoS&, const rclcpp::QoS&, const rclcpp::SubscriptionOptionsWithAllocator<AllocatorT>&, const rclcpp::SubscriptionOptionsWithAllocator<AllocatorT>&)[m[Kâ€™
[2.597s]    90 |   [01;36m[KTransformListener[m[K(
[2.597s]       |   [01;36m[K^~~~~~~~~~~~~~~~~[m[K
[2.597s] [01m[K/opt/ros/humble/include/tf2_ros/tf2_ros/transform_listener.h:90:3:[m[K [01;36m[Knote: [m[K  template argument deduction/substitution failed:
[2.597s] [01m[K/home/ayush/Documents/cafeBot_ws/src/cafe_bot/src/task3.cpp:191:30:[m[K [01;36m[Knote: [m[K  candidate expects 7 arguments, 0 provided
[2.597s]   191 |   tf2_ros::TransformListener [01;36m[Ktf_listener_[m[K;
[2.597s]       |                              [01;36m[K^~~~~~~~~~~~[m[K
[2.597s] In file included from [01m[K/home/ayush/Documents/cafeBot_ws/src/cafe_bot/src/task3.cpp:5[m[K:
[2.597s] [01m[K/opt/ros/humble/include/tf2_ros/tf2_ros/transform_listener.h:87:12:[m[K [01;36m[Knote: [m[Kcandidate: â€˜[01m[Ktf2_ros::TransformListener::TransformListener(tf2::BufferCore&, bool)[m[Kâ€™
[2.597s]    87 |   explicit [01;36m[KTransformListener[m[K(tf2::BufferCore & buffer, bool spin_thread = true);
[2.597s]       |            [01;36m[K^~~~~~~~~~~~~~~~~[m[K
[2.597s] [01m[K/opt/ros/humble/include/tf2_ros/tf2_ros/transform_listener.h:87:12:[m[K [01;36m[Knote: [m[K  candidate expects 2 arguments, 0 provided
[2.597s] [01m[K/home/ayush/Documents/cafeBot_ws/src/cafe_bot/src/task3.cpp:192:1:[m[K [01;31m[Kerror: [m[Kexpected declaration before â€˜[01m[K}[m[Kâ€™ token
[2.597s]   192 | [01;31m[K}[m[K;
[2.597s]       | [01;31m[K^[m[K
[4.419s] gmake[2]: *** [CMakeFiles/task3.dir/build.make:76: CMakeFiles/task3.dir/src/task3.cpp.o] Error 1
[4.419s] gmake[1]: *** [CMakeFiles/Makefile2:221: CMakeFiles/task3.dir/all] Error 2
[4.419s] gmake: *** [Makefile:146: all] Error 2
[4.421s] Invoked command in '/home/ayush/Documents/cafeBot_ws/build/cafe_bot' returned '2': CMAKE_PREFIX_PATH=${CMAKE_PREFIX_PATH}:/opt/ros/humble /usr/bin/cmake --build /home/ayush/Documents/cafeBot_ws/build/cafe_bot -- -j12 -l12
