[0.011s] Invoking command in '/home/ayush/Documents/cafeBot_ws/build/cafe_bot': /usr/bin/cmake --build /home/ayush/Documents/cafeBot_ws/build/cafe_bot -- -j12 -l12
[0.053s] -- Found ament_cmake: 1.3.11 (/opt/ros/humble/share/ament_cmake/cmake)
[0.185s] -- Found rclcpp: 16.0.12 (/opt/ros/humble/share/rclcpp/cmake)
[0.231s] -- Found rosidl_generator_c: 3.1.6 (/opt/ros/humble/share/rosidl_generator_c/cmake)
[0.233s] -- Found rosidl_adapter: 3.1.6 (/opt/ros/humble/share/rosidl_adapter/cmake)
[0.241s] -- Found rosidl_generator_cpp: 3.1.6 (/opt/ros/humble/share/rosidl_generator_cpp/cmake)
[0.253s] -- Using all available rosidl_typesupport_c: rosidl_typesupport_fastrtps_c;rosidl_typesupport_introspection_c
[0.266s] -- Using all available rosidl_typesupport_cpp: rosidl_typesupport_fastrtps_cpp;rosidl_typesupport_introspection_cpp
[0.304s] -- Found rmw_implementation_cmake: 6.1.2 (/opt/ros/humble/share/rmw_implementation_cmake/cmake)
[0.306s] -- Found rmw_fastrtps_cpp: 6.2.7 (/opt/ros/humble/share/rmw_fastrtps_cpp/cmake)
[0.396s] -- Using RMW implementation 'rmw_fastrtps_cpp' as default
[0.448s] -- Found rosidl_default_generators: 1.2.0 (/opt/ros/humble/share/rosidl_default_generators/cmake)
[0.455s] -- Found cafe_bot: 0.0.0 (/home/ayush/Documents/cafeBot_ws/install/cafe_bot/share/cafe_bot/cmake)
[0.611s] Error parsing '/home/ayush/Documents/cafeBot_ws/src/cafe_bot/package.xml':
[0.670s] Traceback (most recent call last):
[0.670s]   File "/opt/ros/humble/share/ament_cmake_core/cmake/core/package_xml_2_cmake.py", line 150, in <module>
[0.670s]     main()
[0.670s]   File "/opt/ros/humble/share/ament_cmake_core/cmake/core/package_xml_2_cmake.py", line 53, in main
[0.670s]     raise e
[0.670s]   File "/opt/ros/humble/share/ament_cmake_core/cmake/core/package_xml_2_cmake.py", line 49, in main
[0.670s]     package = parse_package_string(
[0.670s]   File "/usr/lib/python3/dist-packages/catkin_pkg/package.py", line 788, in parse_package_string
[0.670s]     pkg.validate(warnings=warnings)
[0.670s]   File "/usr/lib/python3/dist-packages/catkin_pkg/package.py", line 330, in validate
[0.670s]     raise InvalidPackage('\n'.join(errors), self.filename)
[0.670s] catkin_pkg.package.InvalidPackage: Error(s) in package '/home/ayush/Documents/cafeBot_ws/src/cafe_bot/package.xml':
[0.670s] The package "cafe_bot" must not "build_depend" on a package with the same name as this package
[0.670s] The package "cafe_bot" must not "build_export_depend" on a package with the same name as this package
[0.670s] The package "cafe_bot" must not "exec_depend" on a package with the same name as this package
[0.687s] [31mCMake Error at /opt/ros/humble/share/ament_cmake_core/cmake/core/ament_package_xml.cmake:95 (message):
[0.687s]   execute_process(/usr/bin/python3
[0.687s]   /opt/ros/humble/share/ament_cmake_core/cmake/core/package_xml_2_cmake.py
[0.687s]   /home/ayush/Documents/cafeBot_ws/src/cafe_bot/package.xml
[0.687s]   /home/ayush/Documents/cafeBot_ws/build/cafe_bot/ament_cmake_core/package.cmake)
[0.687s]   returned error code 1
[0.688s] Call Stack (most recent call first):
[0.688s]   /opt/ros/humble/share/ament_cmake_core/cmake/core/ament_package_xml.cmake:49 (_ament_package_xml)
[0.688s]   /opt/ros/humble/share/rosidl_cmake/cmake/rosidl_generate_interfaces.cmake:226 (ament_package_xml)
[0.688s]   CMakeLists.txt:17 (rosidl_generate_interfaces)
[0.688s] 
[0.688s] [0m
[0.688s] -- Configuring incomplete, errors occurred!
[0.688s] See also "/home/ayush/Documents/cafeBot_ws/build/cafe_bot/CMakeFiles/CMakeOutput.log".
[0.698s] gmake: *** [Makefile:788: cmake_check_build_system] Error 1
[0.700s] Invoked command in '/home/ayush/Documents/cafeBot_ws/build/cafe_bot' returned '2': /usr/bin/cmake --build /home/ayush/Documents/cafeBot_ws/build/cafe_bot -- -j12 -l12
