-- Found ament_cmake: 1.3.11 (/opt/ros/humble/share/ament_cmake/cmake)
-- Found rclcpp: 16.0.12 (/opt/ros/humble/share/rclcpp/cmake)
-- Found rosidl_generator_c: 3.1.6 (/opt/ros/humble/share/rosidl_generator_c/cmake)
-- Found rosidl_adapter: 3.1.6 (/opt/ros/humble/share/rosidl_adapter/cmake)
-- Found rosidl_generator_cpp: 3.1.6 (/opt/ros/humble/share/rosidl_generator_cpp/cmake)
-- Using all available rosidl_typesupport_c: rosidl_typesupport_fastrtps_c;rosidl_typesupport_introspection_c
-- Using all available rosidl_typesupport_cpp: rosidl_typesupport_fastrtps_cpp;rosidl_typesupport_introspection_cpp
-- Found rmw_implementation_cmake: 6.1.2 (/opt/ros/humble/share/rmw_implementation_cmake/cmake)
-- Found rmw_fastrtps_cpp: 6.2.7 (/opt/ros/humble/share/rmw_fastrtps_cpp/cmake)
-- Using RMW implementation 'rmw_fastrtps_cpp' as default
-- Found nav2_msgs: 1.1.18 (/opt/ros/humble/share/nav2_msgs/cmake)
-- Configuring done
-- Generating done
-- Build files have been written to: /home/ayush/Documents/cafeBot_ws/build/cafe_bot
[35m[1mConsolidate compiler generated dependencies of target task1[0m
[35m[1mConsolidate compiler generated dependencies of target order[0m
[ 16%] [32mBuilding CXX object CMakeFiles/task2.dir/src/task2.cpp.o[0m
[ 50%] Built target order
[ 83%] Built target task1
[100%] [32m[1mLinking CXX executable task2[0m
/usr/bin/ld: /usr/lib/gcc/x86_64-linux-gnu/11/../../../x86_64-linux-gnu/Scrt1.o: in function `_start':
(.text+0x1b): undefined reference to `main'
collect2: error: ld returned 1 exit status
gmake[2]: *** [CMakeFiles/task2.dir/build.make:200: task2] Error 1
gmake[1]: *** [CMakeFiles/Makefile2:193: CMakeFiles/task2.dir/all] Error 2
gmake: *** [Makefile:146: all] Error 2
