[01m[K/home/ayush/Documents/cafeBot_ws/src/cafe_bot/src/task1.cpp:25:29:[m[K [01;35m[Kwarning: [m[Kcharacter constant too long for its type
   25 |     std::string yaml_path = [01;35m[K'/home/ayush/Documents/cafeBot_ws/src/cafe_bot/config/location.yaml'[m[K;
      |                             [01;35m[K^~~~~~~~~~~~~~~~~~~~~~~~~~~~~~~~~~~~~~~~~~~~~~~~~~~~~~~~~~~~~~~~~~~~[m[K
[01m[K/home/ayush/Documents/cafeBot_ws/src/cafe_bot/src/task1.cpp:[m[K In member function â€˜[01m[Kvoid Navigator::corr_callback(std_msgs::msg::Int8_<std::allocator<void> >::SharedPtr)[m[Kâ€™:
[01m[K/home/ayush/Documents/cafeBot_ws/src/cafe_bot/src/task1.cpp:25:29:[m[K [01;31m[Kerror: [m[Kconversion from â€˜[01m[Kint[m[Kâ€™ to non-scalar type â€˜[01m[Kstd::string[m[Kâ€™ {aka â€˜[01m[Kstd::__cxx11::basic_string<char>[m[Kâ€™} requested
gmake[2]: *** [CMakeFiles/task1.dir/build.make:76: CMakeFiles/task1.dir/src/task1.cpp.o] Error 1
gmake[1]: *** [CMakeFiles/Makefile2:165: CMakeFiles/task1.dir/all] Error 2
gmake: *** [Makefile:146: all] Error 2
