[0.021s] Invoking command in '/home/ayush/Documents/cafeBot_ws/build/cafe_bot': CMAKE_PREFIX_PATH=${CMAKE_PREFIX_PATH}:/opt/ros/humble /usr/bin/cmake --build /home/ayush/Documents/cafeBot_ws/build/cafe_bot -- -j12 -l12
[0.194s] [35m[1mConsolidate compiler generated dependencies of target task1[0m
[0.250s] [ 33%] Built target order
[0.253s] [ 66%] Built target task2
[0.254s] [ 83%] [32mBuilding CXX object CMakeFiles/task1.dir/src/task1.cpp.o[0m
[3.369s] [01m[K/home/ayush/Documents/cafeBot_ws/src/cafe_bot/src/task1.cpp:294:4:[m[K [01;31m[Kerror: [m[Kexpected â€˜[01m[K;[m[Kâ€™ after class definition
[3.369s]   294 |   }
[3.369s]       |    [01;31m[K^[m[K
[3.369s]       |    [32m[K;[m[K
[3.369s] [01m[K/home/ayush/Documents/cafeBot_ws/src/cafe_bot/src/task1.cpp:[m[K In constructor â€˜[01m[KNavigator::Navigator()[m[Kâ€™:
[3.369s] [01m[K/home/ayush/Documents/cafeBot_ws/src/cafe_bot/src/task1.cpp:171:46:[m[K [01;31m[Kerror: [m[Kclass â€˜[01m[KNavigator[m[Kâ€™ does not have any field named â€˜[01m[Ktf_buffer_[m[Kâ€™
[3.369s]   171 |   Navigator() : Node("goal_pose_publisher"), [01;31m[Ktf_buffer_[m[K(this->get_clock()), tf_listener_(tf_buffer_)
[3.369s]       |                                              [01;31m[K^~~~~~~~~~[m[K
[3.369s] [01m[K/home/ayush/Documents/cafeBot_ws/src/cafe_bot/src/task1.cpp:171:77:[m[K [01;31m[Kerror: [m[Kclass â€˜[01m[KNavigator[m[Kâ€™ does not have any field named â€˜[01m[Ktf_listener_[m[Kâ€™
[3.369s]   171 |   Navigator() : Node("goal_pose_publisher"), tf_buffer_(this->get_clock()), [01;31m[Ktf_listener_[m[K(tf_buffer_)
[3.369s]       |                                                                             [01;31m[K^~~~~~~~~~~~[m[K
[3.378s] [01m[K/home/ayush/Documents/cafeBot_ws/src/cafe_bot/src/task1.cpp:171:90:[m[K [01;31m[Kerror: [m[Kâ€˜[01m[Ktf_buffer_[m[Kâ€™ was not declared in this scope
[3.378s]   171 |   Navigator() : Node("goal_pose_publisher"), tf_buffer_(this->get_clock()), tf_listener_([01;31m[Ktf_buffer_[m[K)
[3.378s]       |                                                                                          [01;31m[K^~~~~~~~~~[m[K
[3.388s] [01m[K/home/ayush/Documents/cafeBot_ws/src/cafe_bot/src/task1.cpp:173:5:[m[K [01;31m[Kerror: [m[Kâ€˜[01m[Ktable_pos_sub_[m[Kâ€™ was not declared in this scope
[3.388s]   173 |     [01;31m[Ktable_pos_sub_[m[K = this->create_subscription<std_msgs::msg::Int8>(
[3.389s]       |     [01;31m[K^~~~~~~~~~~~~~[m[K
[3.389s] [01m[K/home/ayush/Documents/cafeBot_ws/src/cafe_bot/src/task1.cpp:174:50:[m[K [01;31m[Kerror: [m[Kâ€˜[01m[Kcorr_callback[m[Kâ€™ is not a member of â€˜[01m[KNavigator[m[Kâ€™
[3.389s]   174 |       "/table_number", 10, std::bind(&Navigator::[01;31m[Kcorr_callback[m[K, this, std::placeholders::_1));
[3.389s]       |                                                  [01;31m[K^~~~~~~~~~~~~[m[K
[3.396s] [01m[K/home/ayush/Documents/cafeBot_ws/src/cafe_bot/src/task1.cpp:176:5:[m[K [01;31m[Kerror: [m[Kâ€˜[01m[Kgoal_pos_pub_[m[Kâ€™ was not declared in this scope; did you mean â€˜[01m[Kgoal_pose_[m[Kâ€™?
[3.396s]   176 |     [01;31m[Kgoal_pos_pub_[m[K = this->create_publisher<geometry_msgs::msg::PoseStamped>("/goal_pose", 10);
[3.397s]       |     [01;31m[K^~~~~~~~~~~~~[m[K
[3.397s]       |     [32m[Kgoal_pose_[m[K
[3.406s] [01m[K/home/ayush/Documents/cafeBot_ws/src/cafe_bot/src/task1.cpp:178:5:[m[K [01;31m[Kerror: [m[Kâ€˜[01m[Ktimer_[m[Kâ€™ was not declared in this scope; did you mean â€˜[01m[Ktimer_t[m[Kâ€™?
[3.406s]   178 |     [01;31m[Ktimer_[m[K = this->create_wall_timer(std::chrono::seconds(1), std::bind(&Navigator::check_goal_reached, this));
[3.406s]       |     [01;31m[K^~~~~~[m[K
[3.406s]       |     [32m[Ktimer_t[m[K
[3.406s] [01m[K/home/ayush/Documents/cafeBot_ws/src/cafe_bot/src/task1.cpp:178:85:[m[K [01;31m[Kerror: [m[Kâ€˜[01m[Kcheck_goal_reached[m[Kâ€™ is not a member of â€˜[01m[KNavigator[m[Kâ€™
[3.406s]   178 |     timer_ = this->create_wall_timer(std::chrono::seconds(1), std::bind(&Navigator::[01;31m[Kcheck_goal_reached[m[K, this));
[3.406s]       |                                                                                     [01;31m[K^~~~~~~~~~~~~~~~~~[m[K
[3.418s] [01m[K/home/ayush/Documents/cafeBot_ws/src/cafe_bot/src/task1.cpp:[m[K In member function â€˜[01m[Kvoid Navigator::nav_table(std_msgs::msg::Int8_<std::allocator<void> >::SharedPtr)[m[Kâ€™:
[3.418s] [01m[K/home/ayush/Documents/cafeBot_ws/src/cafe_bot/src/task1.cpp:222:5:[m[K [01;31m[Kerror: [m[Kâ€˜[01m[Kgoal_pos_pub_[m[Kâ€™ was not declared in this scope; did you mean â€˜[01m[Kgoal_pose_[m[Kâ€™?
[3.418s]   222 |     [01;31m[Kgoal_pos_pub_[m[K->publish(goal_msg);
[3.418s]       |     [01;31m[K^~~~~~~~~~~~~[m[K
[3.418s]       |     [32m[Kgoal_pose_[m[K
[3.424s] [01m[K/home/ayush/Documents/cafeBot_ws/src/cafe_bot/src/task1.cpp:230:56:[m[K [01;31m[Kerror: [m[Kâ€˜[01m[Ktf_buffer_[m[Kâ€™ was not declared in this scope
[3.424s]   230 |       geometry_msgs::msg::TransformStamped transform = [01;31m[Ktf_buffer_[m[K.lookupTransform("odom", "base_link", tf2::TimePointZero);
[3.424s]       |                                                        [01;31m[K^~~~~~~~~~[m[K
[3.433s] [01m[K/home/ayush/Documents/cafeBot_ws/src/cafe_bot/src/task1.cpp:[m[K In member function â€˜[01m[Kvoid Navigator::nav_kitchen()[m[Kâ€™:
[3.433s] [01m[K/home/ayush/Documents/cafeBot_ws/src/cafe_bot/src/task1.cpp:274:5:[m[K [01;31m[Kerror: [m[Kâ€˜[01m[Kgoal_pos_pub_[m[Kâ€™ was not declared in this scope; did you mean â€˜[01m[Kgoal_pose_[m[Kâ€™?
[3.433s]   274 |     [01;31m[Kgoal_pos_pub_[m[K->publish(goal_msg);
[3.433s]       |     [01;31m[K^~~~~~~~~~~~~[m[K
[3.433s]       |     [32m[Kgoal_pose_[m[K
[3.439s] [01m[K/home/ayush/Documents/cafeBot_ws/src/cafe_bot/src/task1.cpp:278:56:[m[K [01;31m[Kerror: [m[Kâ€˜[01m[Ktf_buffer_[m[Kâ€™ was not declared in this scope
[3.439s]   278 |       geometry_msgs::msg::TransformStamped transform = [01;31m[Ktf_buffer_[m[K.lookupTransform("odom", "base_link", tf2::TimePointZero);
[3.440s]       |                                                        [01;31m[K^~~~~~~~~~[m[K
[3.441s] [01m[K/home/ayush/Documents/cafeBot_ws/src/cafe_bot/src/task1.cpp:[m[K In function â€˜[01m[Kvoid nav_home()[m[Kâ€™:
[3.441s] [01m[K/home/ayush/Documents/cafeBot_ws/src/cafe_bot/src/task1.cpp:304:29:[m[K [01;31m[Kerror: [m[Kinvalid use of â€˜[01m[Kthis[m[Kâ€™ in non-member function
[3.441s]   304 |     goal_msg.header.stamp = [01;31m[Kthis[m[K->now();
[3.441s]       |                             [01;31m[K^~~~[m[K
[3.446s] [01m[K/home/ayush/Documents/cafeBot_ws/src/cafe_bot/src/task1.cpp:317:5:[m[K [01;31m[Kerror: [m[Kâ€˜[01m[Kgoal_pos_pub_[m[Kâ€™ was not declared in this scope
[3.446s]   317 |     [01;31m[Kgoal_pos_pub_[m[K->publish(goal_msg);
[3.447s]       |     [01;31m[K^~~~~~~~~~~~~[m[K
[3.451s] [01m[K/home/ayush/Documents/cafeBot_ws/src/cafe_bot/src/task1.cpp:321:10:[m[K [01;31m[Kerror: [m[Kâ€˜[01m[Kgoal_active_[m[Kâ€™ was not declared in this scope
[3.452s]   321 |     if (![01;31m[Kgoal_active_[m[K) return;
[3.452s]       |          [01;31m[K^~~~~~~~~~~~[m[K
[3.457s] [01m[K/home/ayush/Documents/cafeBot_ws/src/cafe_bot/src/task1.cpp:325:56:[m[K [01;31m[Kerror: [m[Kâ€˜[01m[Ktf_buffer_[m[Kâ€™ was not declared in this scope
[3.457s]   325 |       geometry_msgs::msg::TransformStamped transform = [01;31m[Ktf_buffer_[m[K.lookupTransform("odom", "base_link", tf2::TimePointZero);
[3.458s]       |                                                        [01;31m[K^~~~~~~~~~[m[K
[3.459s] [01m[K/home/ayush/Documents/cafeBot_ws/src/cafe_bot/src/task1.cpp:328:7:[m[K [01;31m[Kerror: [m[Kâ€˜[01m[Kdistance[m[Kâ€™ was not declared in this scope; did you mean â€˜[01m[Kstd::distance[m[Kâ€™?
[3.459s]   328 |       [01;31m[Kdistance[m[K = std::sqrt(dx * dx + dy * dy);
[3.459s]       |       [01;31m[K^~~~~~~~[m[K
[3.459s]       |       [32m[Kstd::distance[m[K
[3.459s] In file included from [01m[K/usr/include/c++/11/bits/stl_algobase.h:66[m[K,
[3.460s]                  from [01m[K/usr/include/c++/11/memory:63[m[K,
[3.460s]                  from [01m[K/opt/ros/humble/include/rclcpp/rclcpp/rclcpp.hpp:153[m[K,
[3.460s]                  from [01m[K/home/ayush/Documents/cafeBot_ws/src/cafe_bot/src/task1.cpp:157[m[K:
[3.460s] [01m[K/usr/include/c++/11/bits/stl_iterator_base_funcs.h:138:5:[m[K [01;36m[Knote: [m[Kâ€˜[01m[Kstd::distance[m[Kâ€™ declared here
[3.460s]   138 |     [01;36m[Kdistance[m[K(_InputIterator __first, _InputIterator __last)
[3.460s]       |     [01;36m[K^~~~~~~~[m[K
[3.460s] In file included from [01m[K/opt/ros/humble/include/rclcpp/rclcpp/client.hpp:40[m[K,
[3.460s]                  from [01m[K/opt/ros/humble/include/rclcpp/rclcpp/callback_group.hpp:24[m[K,
[3.460s]                  from [01m[K/opt/ros/humble/include/rclcpp/rclcpp/any_executable.hpp:20[m[K,
[3.460s]                  from [01m[K/opt/ros/humble/include/rclcpp/rclcpp/memory_strategy.hpp:25[m[K,
[3.460s]                  from [01m[K/opt/ros/humble/include/rclcpp/rclcpp/memory_strategies.hpp:18[m[K,
[3.460s]                  from [01m[K/opt/ros/humble/include/rclcpp/rclcpp/executor_options.hpp:20[m[K,
[3.460s]                  from [01m[K/opt/ros/humble/include/rclcpp/rclcpp/executor.hpp:37[m[K,
[3.460s]                  from [01m[K/opt/ros/humble/include/rclcpp/rclcpp/executors/multi_threaded_executor.hpp:25[m[K,
[3.460s]                  from [01m[K/opt/ros/humble/include/rclcpp/rclcpp/executors.hpp:21[m[K,
[3.460s]                  from [01m[K/opt/ros/humble/include/rclcpp/rclcpp/rclcpp.hpp:155[m[K,
[3.460s]                  from [01m[K/home/ayush/Documents/cafeBot_ws/src/cafe_bot/src/task1.cpp:157[m[K:
[3.460s] [01m[K/home/ayush/Documents/cafeBot_ws/src/cafe_bot/src/task1.cpp:332:21:[m[K [01;31m[Kerror: [m[Kinvalid use of â€˜[01m[Kthis[m[Kâ€™ in non-member function
[3.460s]   332 |         RCLCPP_INFO([01;31m[Kthis[m[K->get_logger(), "Goal Reached! Robot is within %.2f meters of the goal.", distance);
[3.461s]       |                     [01;31m[K^~~~[m[K
[3.461s] [01m[K/home/ayush/Documents/cafeBot_ws/src/cafe_bot/src/task1.cpp:332:21:[m[K [01;31m[Kerror: [m[Kinvalid use of â€˜[01m[Kthis[m[Kâ€™ in non-member function
[3.461s] [01m[K/home/ayush/Documents/cafeBot_ws/src/cafe_bot/src/task1.cpp:332:9:[m[K [01;31m[Kerror: [m[Ktemplate argument 1 is invalid
[3.461s]   332 |         [01;31m[KRCLCPP_INFO[m[K(this->get_logger(), "Goal Reached! Robot is within %.2f meters of the goal.", distance);
[3.461s]       |         [01;31m[K^~~~~~~~~~~[m[K
[3.461s] [01m[K/home/ayush/Documents/cafeBot_ws/src/cafe_bot/src/task1.cpp:332:9:[m[K [01;31m[Kerror: [m[Ktemplate argument 1 is invalid
[3.461s]   332 |         [01;31m[KRCLCPP_INFO[m[K(this->get_logger(), "Goal Reached! Robot is within %.2f meters of the goal.", distance);
[3.461s]       |         [01;31m[K^~~~~~~~~~~[m[K
[3.461s] [01m[K/home/ayush/Documents/cafeBot_ws/src/cafe_bot/src/task1.cpp:332:9:[m[K [01;31m[Kerror: [m[Ktemplate argument 1 is invalid
[3.461s]   332 |         [01;31m[KRCLCPP_INFO[m[K(this->get_logger(), "Goal Reached! Robot is within %.2f meters of the goal.", distance);
[3.461s]       |         [01;31m[K^~~~~~~~~~~[m[K
[3.461s] In file included from [01m[K/opt/ros/humble/include/rclcpp/rclcpp/logging.hpp:24[m[K,
[3.461s]                  from [01m[K/opt/ros/humble/include/rclcpp/rclcpp/client.hpp:40[m[K,
[3.461s]                  from [01m[K/opt/ros/humble/include/rclcpp/rclcpp/callback_group.hpp:24[m[K,
[3.461s]                  from [01m[K/opt/ros/humble/include/rclcpp/rclcpp/any_executable.hpp:20[m[K,
[3.461s]                  from [01m[K/opt/ros/humble/include/rclcpp/rclcpp/memory_strategy.hpp:25[m[K,
[3.461s]                  from [01m[K/opt/ros/humble/include/rclcpp/rclcpp/memory_strategies.hpp:18[m[K,
[3.461s]                  from [01m[K/opt/ros/humble/include/rclcpp/rclcpp/executor_options.hpp:20[m[K,
[3.461s]                  from [01m[K/opt/ros/humble/include/rclcpp/rclcpp/executor.hpp:37[m[K,
[3.461s]                  from [01m[K/opt/ros/humble/include/rclcpp/rclcpp/executors/multi_threaded_executor.hpp:25[m[K,
[3.461s]                  from [01m[K/opt/ros/humble/include/rclcpp/rclcpp/executors.hpp:21[m[K,
[3.461s]                  from [01m[K/opt/ros/humble/include/rclcpp/rclcpp/rclcpp.hpp:155[m[K,
[3.461s]                  from [01m[K/home/ayush/Documents/cafeBot_ws/src/cafe_bot/src/task1.cpp:157[m[K:
[3.462s] [01m[K/home/ayush/Documents/cafeBot_ws/src/cafe_bot/src/task1.cpp:332:21:[m[K [01;31m[Kerror: [m[Kinvalid use of â€˜[01m[Kthis[m[Kâ€™ in non-member function
[3.462s]   332 |         RCLCPP_INFO([01;31m[Kthis[m[K->get_logger(), "Goal Reached! Robot is within %.2f meters of the goal.", distance);
[3.462s]       |                     [01;31m[K^~~~[m[K
[3.462s] [01m[K/home/ayush/Documents/cafeBot_ws/src/cafe_bot/src/task1.cpp:332:21:[m[K [01;31m[Kerror: [m[Kinvalid use of â€˜[01m[Kthis[m[Kâ€™ in non-member function
[3.462s]   332 |         RCLCPP_INFO([01;31m[Kthis[m[K->get_logger(), "Goal Reached! Robot is within %.2f meters of the goal.", distance);
[3.462s]       |                     [01;31m[K^~~~[m[K
[3.466s] [01m[K/home/ayush/Documents/cafeBot_ws/src/cafe_bot/src/task1.cpp:333:9:[m[K [01;31m[Kerror: [m[Kâ€˜[01m[Kgoal_active_[m[Kâ€™ was not declared in this scope
[3.466s]   333 |         [01;31m[Kgoal_active_[m[K = false;
[3.467s]       |         [01;31m[K^~~~~~~~~~~~[m[K
[3.474s] [01m[K/home/ayush/Documents/cafeBot_ws/src/cafe_bot/src/task1.cpp:334:9:[m[K [01;31m[Kerror: [m[Kâ€˜[01m[Kkitchen_flag[m[Kâ€™ was not declared in this scope
[3.474s]   334 |         [01;31m[Kkitchen_flag[m[K=1;
[3.474s]       |         [01;31m[K^~~~~~~~~~~~[m[K
[3.475s] In file included from [01m[K/opt/ros/humble/include/rclcpp/rclcpp/client.hpp:40[m[K,
[3.475s]                  from [01m[K/opt/ros/humble/include/rclcpp/rclcpp/callback_group.hpp:24[m[K,
[3.475s]                  from [01m[K/opt/ros/humble/include/rclcpp/rclcpp/any_executable.hpp:20[m[K,
[3.475s]                  from [01m[K/opt/ros/humble/include/rclcpp/rclcpp/memory_strategy.hpp:25[m[K,
[3.475s]                  from [01m[K/opt/ros/humble/include/rclcpp/rclcpp/memory_strategies.hpp:18[m[K,
[3.475s]                  from [01m[K/opt/ros/humble/include/rclcpp/rclcpp/executor_options.hpp:20[m[K,
[3.475s]                  from [01m[K/opt/ros/humble/include/rclcpp/rclcpp/executor.hpp:37[m[K,
[3.475s]                  from [01m[K/opt/ros/humble/include/rclcpp/rclcpp/executors/multi_threaded_executor.hpp:25[m[K,
[3.475s]                  from [01m[K/opt/ros/humble/include/rclcpp/rclcpp/executors.hpp:21[m[K,
[3.475s]                  from [01m[K/opt/ros/humble/include/rclcpp/rclcpp/rclcpp.hpp:155[m[K,
[3.476s]                  from [01m[K/home/ayush/Documents/cafeBot_ws/src/cafe_bot/src/task1.cpp:157[m[K:
[3.476s] [01m[K/home/ayush/Documents/cafeBot_ws/src/cafe_bot/src/task1.cpp:338:21:[m[K [01;31m[Kerror: [m[Kinvalid use of â€˜[01m[Kthis[m[Kâ€™ in non-member function
[3.476s]   338 |         RCLCPP_INFO([01;31m[Kthis[m[K->get_logger(), "Distance to goal: %.2f", distance);
[3.476s]       |                     [01;31m[K^~~~[m[K
[3.476s] [01m[K/home/ayush/Documents/cafeBot_ws/src/cafe_bot/src/task1.cpp:338:21:[m[K [01;31m[Kerror: [m[Kinvalid use of â€˜[01m[Kthis[m[Kâ€™ in non-member function
[3.476s] [01m[K/home/ayush/Documents/cafeBot_ws/src/cafe_bot/src/task1.cpp:338:9:[m[K [01;31m[Kerror: [m[Ktemplate argument 1 is invalid
[3.476s]   338 |         [01;31m[KRCLCPP_INFO[m[K(this->get_logger(), "Distance to goal: %.2f", distance);
[3.476s]       |         [01;31m[K^~~~~~~~~~~[m[K
[3.476s] [01m[K/home/ayush/Documents/cafeBot_ws/src/cafe_bot/src/task1.cpp:338:9:[m[K [01;31m[Kerror: [m[Ktemplate argument 1 is invalid
[3.476s]   338 |         [01;31m[KRCLCPP_INFO[m[K(this->get_logger(), "Distance to goal: %.2f", distance);
[3.476s]       |         [01;31m[K^~~~~~~~~~~[m[K
[3.476s] [01m[K/home/ayush/Documents/cafeBot_ws/src/cafe_bot/src/task1.cpp:338:9:[m[K [01;31m[Kerror: [m[Ktemplate argument 1 is invalid
[3.476s]   338 |         [01;31m[KRCLCPP_INFO[m[K(this->get_logger(), "Distance to goal: %.2f", distance);
[3.476s]       |         [01;31m[K^~~~~~~~~~~[m[K
[3.477s] In file included from [01m[K/opt/ros/humble/include/rclcpp/rclcpp/logging.hpp:24[m[K,
[3.477s]                  from [01m[K/opt/ros/humble/include/rclcpp/rclcpp/client.hpp:40[m[K,
[3.477s]                  from [01m[K/opt/ros/humble/include/rclcpp/rclcpp/callback_group.hpp:24[m[K,
[3.477s]                  from [01m[K/opt/ros/humble/include/rclcpp/rclcpp/any_executable.hpp:20[m[K,
[3.477s]                  from [01m[K/opt/ros/humble/include/rclcpp/rclcpp/memory_strategy.hpp:25[m[K,
[3.477s]                  from [01m[K/opt/ros/humble/include/rclcpp/rclcpp/memory_strategies.hpp:18[m[K,
[3.477s]                  from [01m[K/opt/ros/humble/include/rclcpp/rclcpp/executor_options.hpp:20[m[K,
[3.477s]                  from [01m[K/opt/ros/humble/include/rclcpp/rclcpp/executor.hpp:37[m[K,
[3.477s]                  from [01m[K/opt/ros/humble/include/rclcpp/rclcpp/executors/multi_threaded_executor.hpp:25[m[K,
[3.477s]                  from [01m[K/opt/ros/humble/include/rclcpp/rclcpp/executors.hpp:21[m[K,
[3.477s]                  from [01m[K/opt/ros/humble/include/rclcpp/rclcpp/rclcpp.hpp:155[m[K,
[3.477s]                  from [01m[K/home/ayush/Documents/cafeBot_ws/src/cafe_bot/src/task1.cpp:157[m[K:
[3.477s] [01m[K/home/ayush/Documents/cafeBot_ws/src/cafe_bot/src/task1.cpp:338:21:[m[K [01;31m[Kerror: [m[Kinvalid use of â€˜[01m[Kthis[m[Kâ€™ in non-member function
[3.477s]   338 |         RCLCPP_INFO([01;31m[Kthis[m[K->get_logger(), "Distance to goal: %.2f", distance);
[3.477s]       |                     [01;31m[K^~~~[m[K
[3.477s] [01m[K/home/ayush/Documents/cafeBot_ws/src/cafe_bot/src/task1.cpp:338:21:[m[K [01;31m[Kerror: [m[Kinvalid use of â€˜[01m[Kthis[m[Kâ€™ in non-member function
[3.478s]   338 |         RCLCPP_INFO([01;31m[Kthis[m[K->get_logger(), "Distance to goal: %.2f", distance);
[3.478s]       |                     [01;31m[K^~~~[m[K
[3.478s] In file included from [01m[K/opt/ros/humble/include/rclcpp/rclcpp/client.hpp:40[m[K,
[3.478s]                  from [01m[K/opt/ros/humble/include/rclcpp/rclcpp/callback_group.hpp:24[m[K,
[3.478s]                  from [01m[K/opt/ros/humble/include/rclcpp/rclcpp/any_executable.hpp:20[m[K,
[3.478s]                  from [01m[K/opt/ros/humble/include/rclcpp/rclcpp/memory_strategy.hpp:25[m[K,
[3.478s]                  from [01m[K/opt/ros/humble/include/rclcpp/rclcpp/memory_strategies.hpp:18[m[K,
[3.478s]                  from [01m[K/opt/ros/humble/include/rclcpp/rclcpp/executor_options.hpp:20[m[K,
[3.478s]                  from [01m[K/opt/ros/humble/include/rclcpp/rclcpp/executor.hpp:37[m[K,
[3.478s]                  from [01m[K/opt/ros/humble/include/rclcpp/rclcpp/executors/multi_threaded_executor.hpp:25[m[K,
[3.478s]                  from [01m[K/opt/ros/humble/include/rclcpp/rclcpp/executors.hpp:21[m[K,
[3.478s]                  from [01m[K/opt/ros/humble/include/rclcpp/rclcpp/rclcpp.hpp:155[m[K,
[3.478s]                  from [01m[K/home/ayush/Documents/cafeBot_ws/src/cafe_bot/src/task1.cpp:157[m[K:
[3.478s] [01m[K/home/ayush/Documents/cafeBot_ws/src/cafe_bot/src/task1.cpp:343:19:[m[K [01;31m[Kerror: [m[Kinvalid use of â€˜[01m[Kthis[m[Kâ€™ in non-member function
[3.478s]   343 |       RCLCPP_WARN([01;31m[Kthis[m[K->get_logger(), "Could not transform: %s", ex.what());
[3.478s]       |                   [01;31m[K^~~~[m[K
[3.478s] [01m[K/home/ayush/Documents/cafeBot_ws/src/cafe_bot/src/task1.cpp:343:19:[m[K [01;31m[Kerror: [m[Kinvalid use of â€˜[01m[Kthis[m[Kâ€™ in non-member function
[3.478s] [01m[K/home/ayush/Documents/cafeBot_ws/src/cafe_bot/src/task1.cpp:343:7:[m[K [01;31m[Kerror: [m[Ktemplate argument 1 is invalid
[3.478s]   343 |       [01;31m[KRCLCPP_WARN[m[K(this->get_logger(), "Could not transform: %s", ex.what());
[3.479s]       |       [01;31m[K^~~~~~~~~~~[m[K
[3.479s] [01m[K/home/ayush/Documents/cafeBot_ws/src/cafe_bot/src/task1.cpp:343:7:[m[K [01;31m[Kerror: [m[Ktemplate argument 1 is invalid
[3.479s]   343 |       [01;31m[KRCLCPP_WARN[m[K(this->get_logger(), "Could not transform: %s", ex.what());
[3.479s]       |       [01;31m[K^~~~~~~~~~~[m[K
[3.479s] [01m[K/home/ayush/Documents/cafeBot_ws/src/cafe_bot/src/task1.cpp:343:7:[m[K [01;31m[Kerror: [m[Ktemplate argument 1 is invalid
[3.479s]   343 |       [01;31m[KRCLCPP_WARN[m[K(this->get_logger(), "Could not transform: %s", ex.what());
[3.479s]       |       [01;31m[K^~~~~~~~~~~[m[K
[3.479s] In file included from [01m[K/opt/ros/humble/include/rclcpp/rclcpp/logging.hpp:24[m[K,
[3.479s]                  from [01m[K/opt/ros/humble/include/rclcpp/rclcpp/client.hpp:40[m[K,
[3.479s]                  from [01m[K/opt/ros/humble/include/rclcpp/rclcpp/callback_group.hpp:24[m[K,
[3.479s]                  from [01m[K/opt/ros/humble/include/rclcpp/rclcpp/any_executable.hpp:20[m[K,
[3.479s]                  from [01m[K/opt/ros/humble/include/rclcpp/rclcpp/memory_strategy.hpp:25[m[K,
[3.479s]                  from [01m[K/opt/ros/humble/include/rclcpp/rclcpp/memory_strategies.hpp:18[m[K,
[3.479s]                  from [01m[K/opt/ros/humble/include/rclcpp/rclcpp/executor_options.hpp:20[m[K,
[3.479s]                  from [01m[K/opt/ros/humble/include/rclcpp/rclcpp/executor.hpp:37[m[K,
[3.479s]                  from [01m[K/opt/ros/humble/include/rclcpp/rclcpp/executors/multi_threaded_executor.hpp:25[m[K,
[3.479s]                  from [01m[K/opt/ros/humble/include/rclcpp/rclcpp/executors.hpp:21[m[K,
[3.479s]                  from [01m[K/opt/ros/humble/include/rclcpp/rclcpp/rclcpp.hpp:155[m[K,
[3.479s]                  from [01m[K/home/ayush/Documents/cafeBot_ws/src/cafe_bot/src/task1.cpp:157[m[K:
[3.479s] [01m[K/home/ayush/Documents/cafeBot_ws/src/cafe_bot/src/task1.cpp:343:19:[m[K [01;31m[Kerror: [m[Kinvalid use of â€˜[01m[Kthis[m[Kâ€™ in non-member function
[3.480s]   343 |       RCLCPP_WARN([01;31m[Kthis[m[K->get_logger(), "Could not transform: %s", ex.what());
[3.480s]       |                   [01;31m[K^~~~[m[K
[3.480s] [01m[K/home/ayush/Documents/cafeBot_ws/src/cafe_bot/src/task1.cpp:343:19:[m[K [01;31m[Kerror: [m[Kinvalid use of â€˜[01m[Kthis[m[Kâ€™ in non-member function
[3.480s]   343 |       RCLCPP_WARN([01;31m[Kthis[m[K->get_logger(), "Could not transform: %s", ex.what());
[3.480s]       |                   [01;31m[K^~~~[m[K
[3.481s] [01m[K/home/ayush/Documents/cafeBot_ws/src/cafe_bot/src/task1.cpp:345:5:[m[K [01;31m[Kerror: [m[Kâ€˜[01m[Khome_flag[m[Kâ€™ was not declared in this scope
[3.481s]   345 |     [01;31m[Khome_flag[m[K=1;
[3.481s]       |     [01;31m[K^~~~~~~~~[m[K
[3.489s] [01m[K/home/ayush/Documents/cafeBot_ws/src/cafe_bot/src/task1.cpp:[m[K In function â€˜[01m[Kvoid corr_callback(std_msgs::msg::Int8_<std::allocator<void> >::SharedPtr)[m[Kâ€™:
[3.489s] [01m[K/home/ayush/Documents/cafeBot_ws/src/cafe_bot/src/task1.cpp:349:9:[m[K [01;31m[Kerror: [m[Kâ€˜[01m[Kkitchen_flag[m[Kâ€™ was not declared in this scope
[3.489s]   349 |     if ([01;31m[Kkitchen_flag[m[K==0){
[3.489s]       |         [01;31m[K^~~~~~~~~~~~[m[K
[3.496s] [01m[K/home/ayush/Documents/cafeBot_ws/src/cafe_bot/src/task1.cpp:350:5:[m[K [01;31m[Kerror: [m[Kâ€˜[01m[Knav_kitchen[m[Kâ€™ was not declared in this scope
[3.497s]   350 |     [01;31m[Knav_kitchen[m[K();
[3.497s]       |     [01;31m[K^~~~~~~~~~~[m[K
[3.503s] [01m[K/home/ayush/Documents/cafeBot_ws/src/cafe_bot/src/task1.cpp:351:15:[m[K [01;31m[Kerror: [m[Kâ€˜[01m[Ktable_flag[m[Kâ€™ was not declared in this scope
[3.503s]   351 |     }else if ([01;31m[Ktable_flag[m[K==0){
[3.503s]       |               [01;31m[K^~~~~~~~~~[m[K
[3.508s] [01m[K/home/ayush/Documents/cafeBot_ws/src/cafe_bot/src/task1.cpp:352:7:[m[K [01;31m[Kerror: [m[Kâ€˜[01m[Knav_table[m[Kâ€™ was not declared in this scope
[3.509s]   352 |       [01;31m[Knav_table[m[K(msg);
[3.509s]       |       [01;31m[K^~~~~~~~~[m[K
[3.515s] [01m[K/home/ayush/Documents/cafeBot_ws/src/cafe_bot/src/task1.cpp:353:14:[m[K [01;31m[Kerror: [m[Kâ€˜[01m[Khome_flag[m[Kâ€™ was not declared in this scope
[3.515s]   353 |     }else if([01;31m[Khome_flag[m[K==0){
[3.515s]       |              [01;31m[K^~~~~~~~~[m[K
[3.557s] [01m[K/home/ayush/Documents/cafeBot_ws/src/cafe_bot/src/task1.cpp:[m[K At global scope:
[3.557s] [01m[K/home/ayush/Documents/cafeBot_ws/src/cafe_bot/src/task1.cpp:370:19:[m[K [01;31m[Kerror: [m[Kno matching function for call to â€˜[01m[Ktf2_ros::Buffer::Buffer()[m[Kâ€™
[3.558s]   370 |   tf2_ros::Buffer [01;31m[Ktf_buffer_[m[K;
[3.558s]       |                   [01;31m[K^~~~~~~~~~[m[K
[3.558s] In file included from [01m[K/home/ayush/Documents/cafeBot_ws/src/cafe_bot/src/task1.cpp:161[m[K:
[3.558s] [01m[K/opt/ros/humble/include/tf2_ros/tf2_ros/buffer.h:73:18:[m[K [01;36m[Knote: [m[Kcandidate: â€˜[01m[Ktf2_ros::Buffer::Buffer(rclcpp::Clock::SharedPtr, tf2::Duration, rclcpp::Node::SharedPtr)[m[Kâ€™
[3.558s]    73 |   TF2_ROS_PUBLIC [01;36m[KBuffer[m[K(
[3.558s]       |                  [01;36m[K^~~~~~[m[K
[3.558s] [01m[K/opt/ros/humble/include/tf2_ros/tf2_ros/buffer.h:73:18:[m[K [01;36m[Knote: [m[K  candidate expects 3 arguments, 0 provided
[3.558s] [01m[K/home/ayush/Documents/cafeBot_ws/src/cafe_bot/src/task1.cpp:371:30:[m[K [01;31m[Kerror: [m[Kno matching function for call to â€˜[01m[Ktf2_ros::TransformListener::TransformListener()[m[Kâ€™
[3.558s]   371 |   tf2_ros::TransformListener [01;31m[Ktf_listener_[m[K;
[3.558s]       |                              [01;31m[K^~~~~~~~~~~~[m[K
[3.559s] In file included from [01m[K/home/ayush/Documents/cafeBot_ws/src/cafe_bot/src/task1.cpp:160[m[K:
[3.559s] [01m[K/opt/ros/humble/include/tf2_ros/tf2_ros/transform_listener.h:90:3:[m[K [01;36m[Knote: [m[Kcandidate: â€˜[01m[Ktemplate<class NodeT, class AllocatorT> tf2_ros::TransformListener::TransformListener(tf2::BufferCore&, NodeT&&, bool, const rclcpp::QoS&, const rclcpp::QoS&, const rclcpp::SubscriptionOptionsWithAllocator<AllocatorT>&, const rclcpp::SubscriptionOptionsWithAllocator<AllocatorT>&)[m[Kâ€™
[3.559s]    90 |   [01;36m[KTransformListener[m[K(
[3.559s]       |   [01;36m[K^~~~~~~~~~~~~~~~~[m[K
[3.559s] [01m[K/opt/ros/humble/include/tf2_ros/tf2_ros/transform_listener.h:90:3:[m[K [01;36m[Knote: [m[K  template argument deduction/substitution failed:
[3.559s] [01m[K/home/ayush/Documents/cafeBot_ws/src/cafe_bot/src/task1.cpp:371:30:[m[K [01;36m[Knote: [m[K  candidate expects 7 arguments, 0 provided
[3.559s]   371 |   tf2_ros::TransformListener [01;36m[Ktf_listener_[m[K;
[3.559s]       |                              [01;36m[K^~~~~~~~~~~~[m[K
[3.559s] In file included from [01m[K/home/ayush/Documents/cafeBot_ws/src/cafe_bot/src/task1.cpp:160[m[K:
[3.559s] [01m[K/opt/ros/humble/include/tf2_ros/tf2_ros/transform_listener.h:87:12:[m[K [01;36m[Knote: [m[Kcandidate: â€˜[01m[Ktf2_ros::TransformListener::TransformListener(tf2::BufferCore&, bool)[m[Kâ€™
[3.559s]    87 |   explicit [01;36m[KTransformListener[m[K(tf2::BufferCore & buffer, bool spin_thread = true);
[3.559s]       |            [01;36m[K^~~~~~~~~~~~~~~~~[m[K
[3.559s] [01m[K/opt/ros/humble/include/tf2_ros/tf2_ros/transform_listener.h:87:12:[m[K [01;36m[Knote: [m[K  candidate expects 2 arguments, 0 provided
[3.559s] [01m[K/home/ayush/Documents/cafeBot_ws/src/cafe_bot/src/task1.cpp:372:1:[m[K [01;31m[Kerror: [m[Kexpected declaration before â€˜[01m[K}[m[Kâ€™ token
[3.559s]   372 | [01;31m[K}[m[K;
[3.559s]       | [01;31m[K^[m[K
[4.396s] gmake[2]: *** [CMakeFiles/task1.dir/build.make:76: CMakeFiles/task1.dir/src/task1.cpp.o] Error 1
[4.396s] gmake[1]: *** [CMakeFiles/Makefile2:167: CMakeFiles/task1.dir/all] Error 2
[4.397s] gmake: *** [Makefile:146: all] Error 2
[4.400s] Invoked command in '/home/ayush/Documents/cafeBot_ws/build/cafe_bot' returned '2': CMAKE_PREFIX_PATH=${CMAKE_PREFIX_PATH}:/opt/ros/humble /usr/bin/cmake --build /home/ayush/Documents/cafeBot_ws/build/cafe_bot -- -j12 -l12
