[0.007s] Invoking command in '/home/ayush/Documents/cafeBot_ws/build/cafe_bot': CMAKE_PREFIX_PATH=${CMAKE_PREFIX_PATH}:/opt/ros/humble /usr/bin/cmake --build /home/ayush/Documents/cafeBot_ws/build/cafe_bot -- -j12 -l12
[0.028s] -- Found ament_cmake: 1.3.11 (/opt/ros/humble/share/ament_cmake/cmake)
[0.147s] -- Found rclcpp: 16.0.12 (/opt/ros/humble/share/rclcpp/cmake)
[0.178s] -- Found rosidl_generator_c: 3.1.6 (/opt/ros/humble/share/rosidl_generator_c/cmake)
[0.180s] -- Found rosidl_adapter: 3.1.6 (/opt/ros/humble/share/rosidl_adapter/cmake)
[0.188s] -- Found rosidl_generator_cpp: 3.1.6 (/opt/ros/humble/share/rosidl_generator_cpp/cmake)
[0.202s] -- Using all available rosidl_typesupport_c: rosidl_typesupport_fastrtps_c;rosidl_typesupport_introspection_c
[0.224s] -- Using all available rosidl_typesupport_cpp: rosidl_typesupport_fastrtps_cpp;rosidl_typesupport_introspection_cpp
[0.262s] -- Found rmw_implementation_cmake: 6.1.2 (/opt/ros/humble/share/rmw_implementation_cmake/cmake)
[0.264s] -- Found rmw_fastrtps_cpp: 6.2.7 (/opt/ros/humble/share/rmw_fastrtps_cpp/cmake)
[0.342s] -- Using RMW implementation 'rmw_fastrtps_cpp' as default
[0.385s] -- Found nav2_msgs: 1.1.18 (/opt/ros/humble/share/nav2_msgs/cmake)
[0.459s] -- Found tf2: 0.25.12 (/opt/ros/humble/share/tf2/cmake)
[0.463s] -- Found tf2_ros: 0.25.12 (/opt/ros/humble/share/tf2_ros/cmake)
[0.514s] -- Found tf2_geometry_msgs: 0.25.12 (/opt/ros/humble/share/tf2_geometry_msgs/cmake)
[0.519s] -- Found eigen3_cmake_module: 0.1.1 (/opt/ros/humble/share/eigen3_cmake_module/cmake)
[0.520s] -- Ensuring Eigen3 include directory is part of orocos-kdl CMake target
[0.572s] -- Configuring done
[0.592s] -- Generating done
[0.597s] -- Build files have been written to: /home/ayush/Documents/cafeBot_ws/build/cafe_bot
[0.618s] [35m[1mConsolidate compiler generated dependencies of target task1[0m
[0.618s] [35m[1mConsolidate compiler generated dependencies of target order[0m
[0.618s] [35m[1mConsolidate compiler generated dependencies of target task2[0m
[0.646s] [ 33%] [32mBuilding CXX object CMakeFiles/task2.dir/src/task2.cpp.o[0m
[0.647s] [ 50%] Built target order
[0.647s] [ 83%] Built target task1
[2.447s] [01m[K/home/ayush/Documents/cafeBot_ws/src/cafe_bot/src/task2.cpp:12:5:[m[K [01;31m[Kerror: [m[Kâ€˜[01m[Kint time[m[Kâ€™ redeclared as different kind of entity
[2.447s]    12 | int [01;31m[Ktime[m[K=0;
[2.447s]       |     [01;31m[K^~~~[m[K
[2.447s] In file included from [01m[K/usr/include/pthread.h:23[m[K,
[2.447s]                  from [01m[K/usr/include/x86_64-linux-gnu/c++/11/bits/gthr-default.h:35[m[K,
[2.447s]                  from [01m[K/usr/include/x86_64-linux-gnu/c++/11/bits/gthr.h:148[m[K,
[2.447s]                  from [01m[K/usr/include/c++/11/ext/atomicity.h:35[m[K,
[2.447s]                  from [01m[K/usr/include/c++/11/bits/shared_ptr_base.h:61[m[K,
[2.447s]                  from [01m[K/usr/include/c++/11/bits/shared_ptr.h:53[m[K,
[2.447s]                  from [01m[K/usr/include/c++/11/memory:77[m[K,
[2.447s]                  from [01m[K/opt/ros/humble/include/rclcpp/rclcpp/rclcpp.hpp:153[m[K,
[2.447s]                  from [01m[K/home/ayush/Documents/cafeBot_ws/src/cafe_bot/src/task2.cpp:1[m[K:
[2.447s] [01m[K/usr/include/time.h:76:15:[m[K [01;36m[Knote: [m[Kprevious declaration â€˜[01m[Ktime_t time(time_t*)[m[Kâ€™
[2.447s]    76 | extern time_t [01;36m[Ktime[m[K (time_t *__timer) __THROW;
[2.447s]       |               [01;36m[K^~~~[m[K
[2.520s] [01m[K/home/ayush/Documents/cafeBot_ws/src/cafe_bot/src/task2.cpp:[m[K In member function â€˜[01m[Kvoid Navigator::check_goal_reached()[m[Kâ€™:
[2.521s] [01m[K/home/ayush/Documents/cafeBot_ws/src/cafe_bot/src/task2.cpp:136:13:[m[K [01;31m[Kerror: [m[KISO C++ forbids comparison between pointer and integer [[01;31m[K]8;;https://gcc.gnu.org/onlinedocs/gcc/Warning-Options.html#index-fpermissive-fpermissive]8;;[m[K]
[2.521s]   136 |     if ([01;31m[Ktime<timeout[m[K){
[2.521s]       |         [01;31m[K~~~~^~~~~~~~[m[K
[2.521s] [01m[K/home/ayush/Documents/cafeBot_ws/src/cafe_bot/src/task2.cpp:148:13:[m[K [01;35m[Kwarning: [m[Kpointer to a function used in arithmetic [[01;35m[K]8;;https://gcc.gnu.org/onlinedocs/gcc/Warning-Options.html#index-Wpointer-arith-Wpointer-arith]8;;[m[K]
[2.521s]   148 |         [01;35m[Ktime+=1[m[K;
[2.521s]       |         [01;35m[K~~~~^~~[m[K
[2.521s] [01m[K/home/ayush/Documents/cafeBot_ws/src/cafe_bot/src/task2.cpp:148:13:[m[K [01;31m[Kerror: [m[Kassignment of read-only location â€˜[01m[Ktime[m[Kâ€™
[4.869s] gmake[2]: *** [CMakeFiles/task2.dir/build.make:76: CMakeFiles/task2.dir/src/task2.cpp.o] Error 1
[4.869s] gmake[1]: *** [CMakeFiles/Makefile2:193: CMakeFiles/task2.dir/all] Error 2
[4.869s] gmake: *** [Makefile:146: all] Error 2
[4.874s] Invoked command in '/home/ayush/Documents/cafeBot_ws/build/cafe_bot' returned '2': CMAKE_PREFIX_PATH=${CMAKE_PREFIX_PATH}:/opt/ros/humble /usr/bin/cmake --build /home/ayush/Documents/cafeBot_ws/build/cafe_bot -- -j12 -l12
