[0.009s] Invoking command in '/home/ayush/Documents/cafeBot_ws/build/cafe_bot': CMAKE_PREFIX_PATH=${CMAKE_PREFIX_PATH}:/opt/ros/humble /usr/bin/cmake --build /home/ayush/Documents/cafeBot_ws/build/cafe_bot -- -j12 -l12
[0.042s] [35m[1mConsolidate compiler generated dependencies of target task1[0m
[0.052s] [ 50%] Built target order
[0.058s] [ 75%] [32mBuilding CXX object CMakeFiles/task1.dir/src/task1.cpp.o[0m
[1.792s] [01m[K/home/ayush/Documents/cafeBot_ws/src/cafe_bot/src/task1.cpp:[m[K In member function â€˜[01m[Kvoid Navigator::corr_callback(std_msgs::msg::Int8_<std::allocator<void> >::SharedPtr)[m[Kâ€™:
[1.793s] [01m[K/home/ayush/Documents/cafeBot_ws/src/cafe_bot/src/task1.cpp:77:11:[m[K [01;31m[Kerror: [m[Kredeclaration of â€˜[01m[Kfloat theta[m[Kâ€™
[1.793s]    77 |     float [01;31m[Ktheta[m[K = coords[2];
[1.793s]       |           [01;31m[K^~~~~[m[K
[1.793s] [01m[K/home/ayush/Documents/cafeBot_ws/src/cafe_bot/src/task1.cpp:54:11:[m[K [01;36m[Knote: [m[Kâ€˜[01m[Kfloat theta[m[Kâ€™ previously declared here
[1.793s]    54 |     float [01;36m[Ktheta[m[K = coords[2];
[1.793s]       |           [01;36m[K^~~~~[m[K
[1.793s] [01m[K/home/ayush/Documents/cafeBot_ws/src/cafe_bot/src/task1.cpp:93:13:[m[K [01;31m[Kerror: [m[Kredeclaration of â€˜[01m[Kfloat theta[m[Kâ€™
[1.793s]    93 |       float [01;31m[Ktheta[m[K = coords[2];
[1.793s]       |             [01;31m[K^~~~~[m[K
[1.793s] [01m[K/home/ayush/Documents/cafeBot_ws/src/cafe_bot/src/task1.cpp:54:11:[m[K [01;36m[Knote: [m[Kâ€˜[01m[Kfloat theta[m[Kâ€™ previously declared here
[1.793s]    54 |     float [01;36m[Ktheta[m[K = coords[2];
[1.793s]       |           [01;36m[K^~~~~[m[K
[4.059s] gmake[2]: *** [CMakeFiles/task1.dir/build.make:76: CMakeFiles/task1.dir/src/task1.cpp.o] Error 1
[4.059s] gmake[1]: *** [CMakeFiles/Makefile2:165: CMakeFiles/task1.dir/all] Error 2
[4.059s] gmake: *** [Makefile:146: all] Error 2
[4.061s] Invoked command in '/home/ayush/Documents/cafeBot_ws/build/cafe_bot' returned '2': CMAKE_PREFIX_PATH=${CMAKE_PREFIX_PATH}:/opt/ros/humble /usr/bin/cmake --build /home/ayush/Documents/cafeBot_ws/build/cafe_bot -- -j12 -l12
