[0.014s] Invoking command in '/home/ayush/Documents/cafeBot_ws/build/cafe_bot': CMAKE_PREFIX_PATH=${CMAKE_PREFIX_PATH}:/opt/ros/humble /usr/bin/cmake --build /home/ayush/Documents/cafeBot_ws/build/cafe_bot -- -j12 -l12
[0.057s] [35m[1mConsolidate compiler generated dependencies of target task3[0m
[0.069s] [ 62%] Built target task2
[0.070s] [ 75%] Built target order
[0.070s] [ 75%] Built target task1
[0.076s] [ 87%] [32mBuilding CXX object CMakeFiles/task3.dir/src/task3.cpp.o[0m
[2.327s] [01m[K/home/ayush/Documents/cafeBot_ws/src/cafe_bot/src/task3.cpp:[m[K In member function â€˜[01m[Kvoid Navigator::check_goal_reached()[m[Kâ€™:
[2.327s] [01m[K/home/ayush/Documents/cafeBot_ws/src/cafe_bot/src/task3.cpp:174:28:[m[K [01;31m[Kerror: [m[Kexpected â€˜[01m[K;[m[Kâ€™ before â€˜[01m[K}[m[Kâ€™ token
[2.327s]   174 |         nav_kitchen();kit=1[01;31m[K}[m[K
[2.327s]       |                            [01;31m[K^[m[K
[5.146s] gmake[2]: *** [CMakeFiles/task3.dir/build.make:76: CMakeFiles/task3.dir/src/task3.cpp.o] Error 1
[5.146s] gmake[1]: *** [CMakeFiles/Makefile2:221: CMakeFiles/task3.dir/all] Error 2
[5.146s] gmake: *** [Makefile:146: all] Error 2
[5.148s] Invoked command in '/home/ayush/Documents/cafeBot_ws/build/cafe_bot' returned '2': CMAKE_PREFIX_PATH=${CMAKE_PREFIX_PATH}:/opt/ros/humble /usr/bin/cmake --build /home/ayush/Documents/cafeBot_ws/build/cafe_bot -- -j12 -l12
