[01m[K/home/ayush/Documents/cafeBot_ws/src/cafe_bot/src/task1.cpp:[m[K In member function â€˜[01m[Kvoid Navigator::corr_callback(std_msgs::msg::Int8_<std::allocator<void> >::SharedPtr)[m[Kâ€™:
[01m[K/home/ayush/Documents/cafeBot_ws/src/cafe_bot/src/task1.cpp:46:10:[m[K [01;31m[Kerror: [m[Krequest for member â€˜[01m[Ksleep[m[Kâ€™ in â€˜[01m[Ktime[m[Kâ€™, which is of non-class type â€˜[01m[Ktime_t(time_t*) noexcept[m[Kâ€™ {aka â€˜[01m[Klong int(long int*) noexcept[m[Kâ€™}
   46 |     time.[01;31m[Ksleep[m[K
      |          [01;31m[K^~~~~[m[K
gmake[2]: *** [CMakeFiles/task1.dir/build.make:76: CMakeFiles/task1.dir/src/task1.cpp.o] Error 1
gmake[1]: *** [CMakeFiles/Makefile2:165: CMakeFiles/task1.dir/all] Error 2
gmake: *** [Makefile:146: all] Error 2
