[0.011s] Invoking command in '/home/ayush/Documents/cafeBot_ws/build/cafe_bot': CMAKE_PREFIX_PATH=${CMAKE_PREFIX_PATH}:/opt/ros/humble /usr/bin/cmake --build /home/ayush/Documents/cafeBot_ws/build/cafe_bot -- -j12 -l12
[0.089s] [35m[1mConsolidate compiler generated dependencies of target task1[0m
[0.098s] [ 50%] Built target order
[0.103s] [ 75%] [32mBuilding CXX object CMakeFiles/task1.dir/src/task1.cpp.o[0m
[1.913s] [01m[K/home/ayush/Documents/cafeBot_ws/src/cafe_bot/src/task1.cpp:[m[K In member function â€˜[01m[Kvoid Navigator::corr_callback(std_msgs::msg::Int8_<std::allocator<void> >::SharedPtr)[m[Kâ€™:
[1.913s] [01m[K/home/ayush/Documents/cafeBot_ws/src/cafe_bot/src/task1.cpp:46:10:[m[K [01;31m[Kerror: [m[Krequest for member â€˜[01m[Ksleep[m[Kâ€™ in â€˜[01m[Ktime[m[Kâ€™, which is of non-class type â€˜[01m[Ktime_t(time_t*) noexcept[m[Kâ€™ {aka â€˜[01m[Klong int(long int*) noexcept[m[Kâ€™}
[1.913s]    46 |     time.[01;31m[Ksleep[m[K
[1.913s]       |          [01;31m[K^~~~~[m[K
[4.219s] gmake[2]: *** [CMakeFiles/task1.dir/build.make:76: CMakeFiles/task1.dir/src/task1.cpp.o] Error 1
[4.219s] gmake[1]: *** [CMakeFiles/Makefile2:165: CMakeFiles/task1.dir/all] Error 2
[4.219s] gmake: *** [Makefile:146: all] Error 2
[4.221s] Invoked command in '/home/ayush/Documents/cafeBot_ws/build/cafe_bot' returned '2': CMAKE_PREFIX_PATH=${CMAKE_PREFIX_PATH}:/opt/ros/humble /usr/bin/cmake --build /home/ayush/Documents/cafeBot_ws/build/cafe_bot -- -j12 -l12
