-- Found ament_cmake: 1.3.11 (/opt/ros/humble/share/ament_cmake/cmake)
-- Found rclcpp: 16.0.12 (/opt/ros/humble/share/rclcpp/cmake)
-- Found rosidl_generator_c: 3.1.6 (/opt/ros/humble/share/rosidl_generator_c/cmake)
-- Found rosidl_adapter: 3.1.6 (/opt/ros/humble/share/rosidl_adapter/cmake)
-- Found rosidl_generator_cpp: 3.1.6 (/opt/ros/humble/share/rosidl_generator_cpp/cmake)
-- Using all available rosidl_typesupport_c: rosidl_typesupport_fastrtps_c;rosidl_typesupport_introspection_c
-- Using all available rosidl_typesupport_cpp: rosidl_typesupport_fastrtps_cpp;rosidl_typesupport_introspection_cpp
-- Found rmw_implementation_cmake: 6.1.2 (/opt/ros/humble/share/rmw_implementation_cmake/cmake)
-- Found rmw_fastrtps_cpp: 6.2.7 (/opt/ros/humble/share/rmw_fastrtps_cpp/cmake)
-- Using RMW implementation 'rmw_fastrtps_cpp' as default
-- Found nav2_msgs: 1.1.18 (/opt/ros/humble/share/nav2_msgs/cmake)
-- Found tf2: 0.25.12 (/opt/ros/humble/share/tf2/cmake)
-- Found tf2_ros: 0.25.12 (/opt/ros/humble/share/tf2_ros/cmake)
-- Found tf2_geometry_msgs: 0.25.12 (/opt/ros/humble/share/tf2_geometry_msgs/cmake)
-- Found eigen3_cmake_module: 0.1.1 (/opt/ros/humble/share/eigen3_cmake_module/cmake)
-- Ensuring Eigen3 include directory is part of orocos-kdl CMake target
-- Configuring done
-- Generating done
-- Build files have been written to: /home/ayush/Documents/cafeBot_ws/build/cafe_bot
[35m[1mConsolidate compiler generated dependencies of target order[0m
[35m[1mConsolidate compiler generated dependencies of target task1[0m
[35m[1mConsolidate compiler generated dependencies of target task3[0m
[35m[1mConsolidate compiler generated dependencies of target task2[0m
[ 10%] [32mBuilding CXX object CMakeFiles/task4.dir/src/task4.cpp.o[0m
[ 70%] Built target task1
[ 70%] Built target order
[ 70%] Built target task3
[ 90%] Built target task2
[01m[K/home/ayush/Documents/cafeBot_ws/src/cafe_bot/src/task4.cpp:[m[K In member function â€˜[01m[Kvoid Navigator::cancel_order(std_msgs::msg::Bool_<std::allocator<void> >::SharedPtr)[m[Kâ€™:
[01m[K/home/ayush/Documents/cafeBot_ws/src/cafe_bot/src/task4.cpp:248:40:[m[K [01;31m[Kerror: [m[Klvalue required as left operand of assignment
  248 |     if([01;31m[Khome_flag==0 && kitchen_flag==0 && table_flag[m[K=0){
      |        [01;31m[K~~~~~~~~~~~~~~~~~~~~~~~~~~~~~~~~^~~~~~~~~~~~~[m[K
[01m[K/home/ayush/Documents/cafeBot_ws/src/cafe_bot/src/task4.cpp:246:58:[m[K [01;35m[Kwarning: [m[Kunused parameter â€˜[01m[Kmsg[m[Kâ€™ [[01;35m[K]8;;https://gcc.gnu.org/onlinedocs/gcc/Warning-Options.html#index-Wunused-parameter-Wunused-parameter]8;;[m[K]
  246 |   void cancel_order([01;35m[Kconst std_msgs::msg::Bool::SharedPtr msg[m[K)
      |                     [01;35m[K~~~~~~~~~~~~~~~~~~~~~~~~~~~~~~~~~~~~~^~~[m[K
gmake[2]: *** [CMakeFiles/task4.dir/build.make:76: CMakeFiles/task4.dir/src/task4.cpp.o] Error 1
gmake[1]: *** [CMakeFiles/Makefile2:249: CMakeFiles/task4.dir/all] Error 2
gmake: *** [Makefile:146: all] Error 2
