[0.009s] Invoking command in '/home/ayush/Documents/cafeBot_ws/build/cafe_bot': CMAKE_PREFIX_PATH=${CMAKE_PREFIX_PATH}:/opt/ros/humble /usr/bin/cmake --build /home/ayush/Documents/cafeBot_ws/build/cafe_bot -- -j12 -l12
[0.032s] -- Found ament_cmake: 1.3.11 (/opt/ros/humble/share/ament_cmake/cmake)
[0.158s] -- Found rclcpp: 16.0.12 (/opt/ros/humble/share/rclcpp/cmake)
[0.206s] -- Found rosidl_generator_c: 3.1.6 (/opt/ros/humble/share/rosidl_generator_c/cmake)
[0.209s] -- Found rosidl_adapter: 3.1.6 (/opt/ros/humble/share/rosidl_adapter/cmake)
[0.215s] -- Found rosidl_generator_cpp: 3.1.6 (/opt/ros/humble/share/rosidl_generator_cpp/cmake)
[0.226s] -- Using all available rosidl_typesupport_c: rosidl_typesupport_fastrtps_c;rosidl_typesupport_introspection_c
[0.239s] -- Using all available rosidl_typesupport_cpp: rosidl_typesupport_fastrtps_cpp;rosidl_typesupport_introspection_cpp
[0.272s] -- Found rmw_implementation_cmake: 6.1.2 (/opt/ros/humble/share/rmw_implementation_cmake/cmake)
[0.275s] -- Found rmw_fastrtps_cpp: 6.2.7 (/opt/ros/humble/share/rmw_fastrtps_cpp/cmake)
[0.361s] -- Using RMW implementation 'rmw_fastrtps_cpp' as default
[0.411s] -- Found nav2_msgs: 1.1.18 (/opt/ros/humble/share/nav2_msgs/cmake)
[0.482s] -- Found tf2: 0.25.12 (/opt/ros/humble/share/tf2/cmake)
[0.486s] -- Found tf2_ros: 0.25.12 (/opt/ros/humble/share/tf2_ros/cmake)
[0.537s] -- Found tf2_geometry_msgs: 0.25.12 (/opt/ros/humble/share/tf2_geometry_msgs/cmake)
[0.541s] -- Found eigen3_cmake_module: 0.1.1 (/opt/ros/humble/share/eigen3_cmake_module/cmake)
[0.543s] -- Ensuring Eigen3 include directory is part of orocos-kdl CMake target
[0.598s] -- Configuring done
[0.636s] -- Generating done
[0.644s] -- Build files have been written to: /home/ayush/Documents/cafeBot_ws/build/cafe_bot
[0.667s] [35m[1mConsolidate compiler generated dependencies of target order[0m
[0.667s] [35m[1mConsolidate compiler generated dependencies of target task1[0m
[0.667s] [35m[1mConsolidate compiler generated dependencies of target task3[0m
[0.667s] [35m[1mConsolidate compiler generated dependencies of target task2[0m
[0.675s] [ 10%] [32mBuilding CXX object CMakeFiles/task4.dir/src/task4.cpp.o[0m
[0.685s] [ 70%] Built target task1
[0.685s] [ 70%] Built target order
[0.685s] [ 70%] Built target task3
[0.687s] [ 90%] Built target task2
[2.813s] [01m[K/home/ayush/Documents/cafeBot_ws/src/cafe_bot/src/task4.cpp:[m[K In member function â€˜[01m[Kvoid Navigator::cancel_order(std_msgs::msg::Bool_<std::allocator<void> >::SharedPtr)[m[Kâ€™:
[2.814s] [01m[K/home/ayush/Documents/cafeBot_ws/src/cafe_bot/src/task4.cpp:248:40:[m[K [01;31m[Kerror: [m[Klvalue required as left operand of assignment
[2.814s]   248 |     if([01;31m[Khome_flag==0 && kitchen_flag==0 && table_flag[m[K=0){
[2.814s]       |        [01;31m[K~~~~~~~~~~~~~~~~~~~~~~~~~~~~~~~~^~~~~~~~~~~~~[m[K
[2.814s] [01m[K/home/ayush/Documents/cafeBot_ws/src/cafe_bot/src/task4.cpp:246:58:[m[K [01;35m[Kwarning: [m[Kunused parameter â€˜[01m[Kmsg[m[Kâ€™ [[01;35m[K]8;;https://gcc.gnu.org/onlinedocs/gcc/Warning-Options.html#index-Wunused-parameter-Wunused-parameter]8;;[m[K]
[2.814s]   246 |   void cancel_order([01;35m[Kconst std_msgs::msg::Bool::SharedPtr msg[m[K)
[2.814s]       |                     [01;35m[K~~~~~~~~~~~~~~~~~~~~~~~~~~~~~~~~~~~~~^~~[m[K
[5.557s] gmake[2]: *** [CMakeFiles/task4.dir/build.make:76: CMakeFiles/task4.dir/src/task4.cpp.o] Error 1
[5.557s] gmake[1]: *** [CMakeFiles/Makefile2:249: CMakeFiles/task4.dir/all] Error 2
[5.557s] gmake: *** [Makefile:146: all] Error 2
[5.559s] Invoked command in '/home/ayush/Documents/cafeBot_ws/build/cafe_bot' returned '2': CMAKE_PREFIX_PATH=${CMAKE_PREFIX_PATH}:/opt/ros/humble /usr/bin/cmake --build /home/ayush/Documents/cafeBot_ws/build/cafe_bot -- -j12 -l12
