[0.012s] Invoking command in '/home/ayush/Documents/cafeBot_ws/build/cafe_bot': CMAKE_PREFIX_PATH=${CMAKE_PREFIX_PATH}:/opt/ros/humble /usr/bin/cmake --build /home/ayush/Documents/cafeBot_ws/build/cafe_bot -- -j12 -l12
[0.104s] [35m[1mConsolidate compiler generated dependencies of target task3[0m
[0.113s] [ 25%] Built target task2
[0.119s] [ 75%] Built target order
[0.120s] [ 75%] Built target task1
[0.133s] [ 87%] [32mBuilding CXX object CMakeFiles/task3.dir/src/task3.cpp.o[0m
[2.340s] [01m[K/home/ayush/Documents/cafeBot_ws/src/cafe_bot/src/task3.cpp:196:6:[m[K [01;31m[Kerror: [m[Kexpected â€˜[01m[K;[m[Kâ€™ after class definition
[2.340s]   196 |     }
[2.340s]       |      [01;31m[K^[m[K
[2.340s]       |      [32m[K;[m[K
[2.340s] [01m[K/home/ayush/Documents/cafeBot_ws/src/cafe_bot/src/task3.cpp:[m[K In constructor â€˜[01m[KNavigator::Navigator()[m[Kâ€™:
[2.340s] [01m[K/home/ayush/Documents/cafeBot_ws/src/cafe_bot/src/task3.cpp:17:46:[m[K [01;31m[Kerror: [m[Kclass â€˜[01m[KNavigator[m[Kâ€™ does not have any field named â€˜[01m[Ktf_buffer_[m[Kâ€™
[2.340s]    17 |   Navigator() : Node("goal_pose_publisher"), [01;31m[Ktf_buffer_[m[K(this->get_clock()), tf_listener_(tf_buffer_)
[2.340s]       |                                              [01;31m[K^~~~~~~~~~[m[K
[2.340s] [01m[K/home/ayush/Documents/cafeBot_ws/src/cafe_bot/src/task3.cpp:17:77:[m[K [01;31m[Kerror: [m[Kclass â€˜[01m[KNavigator[m[Kâ€™ does not have any field named â€˜[01m[Ktf_listener_[m[Kâ€™
[2.340s]    17 |   Navigator() : Node("goal_pose_publisher"), tf_buffer_(this->get_clock()), [01;31m[Ktf_listener_[m[K(tf_buffer_)
[2.340s]       |                                                                             [01;31m[K^~~~~~~~~~~~[m[K
[2.346s] [01m[K/home/ayush/Documents/cafeBot_ws/src/cafe_bot/src/task3.cpp:17:90:[m[K [01;31m[Kerror: [m[Kâ€˜[01m[Ktf_buffer_[m[Kâ€™ was not declared in this scope
[2.346s]    17 |   Navigator() : Node("goal_pose_publisher"), tf_buffer_(this->get_clock()), tf_listener_([01;31m[Ktf_buffer_[m[K)
[2.346s]       |                                                                                          [01;31m[K^~~~~~~~~~[m[K
[2.352s] [01m[K/home/ayush/Documents/cafeBot_ws/src/cafe_bot/src/task3.cpp:19:5:[m[K [01;31m[Kerror: [m[Kâ€˜[01m[Ktable_pos_sub_[m[Kâ€™ was not declared in this scope
[2.352s]    19 |     [01;31m[Ktable_pos_sub_[m[K = this->create_subscription<std_msgs::msg::Int8>(
[2.352s]       |     [01;31m[K^~~~~~~~~~~~~~[m[K
[2.396s] [01m[K/home/ayush/Documents/cafeBot_ws/src/cafe_bot/src/task3.cpp:22:5:[m[K [01;31m[Kerror: [m[Kâ€˜[01m[Kgoal_pos_pub_[m[Kâ€™ was not declared in this scope; did you mean â€˜[01m[Kgoal_pose_[m[Kâ€™?
[2.396s]    22 |     [01;31m[Kgoal_pos_pub_[m[K = this->create_publisher<geometry_msgs::msg::PoseStamped>("/goal_pose", 10);
[2.396s]       |     [01;31m[K^~~~~~~~~~~~~[m[K
[2.396s]       |     [32m[Kgoal_pose_[m[K
[2.402s] [01m[K/home/ayush/Documents/cafeBot_ws/src/cafe_bot/src/task3.cpp:24:5:[m[K [01;31m[Kerror: [m[Kâ€˜[01m[Ktimer_[m[Kâ€™ was not declared in this scope; did you mean â€˜[01m[Ktimer_t[m[Kâ€™?
[2.402s]    24 |     [01;31m[Ktimer_[m[K = this->create_wall_timer(std::chrono::seconds(1), std::bind(&Navigator::check_goal_reached, this));
[2.402s]       |     [01;31m[K^~~~~~[m[K
[2.402s]       |     [32m[Ktimer_t[m[K
[2.415s] [01m[K/home/ayush/Documents/cafeBot_ws/src/cafe_bot/src/task3.cpp:25:5:[m[K [01;31m[Kerror: [m[Kâ€˜[01m[Kdone_pub_[m[Kâ€™ was not declared in this scope
[2.416s]    25 |     [01;31m[Kdone_pub_[m[K = this->create_subscription<std_msgs::msg::Bool>(
[2.416s]       |     [01;31m[K^~~~~~~~~[m[K
[2.416s] [01m[K/home/ayush/Documents/cafeBot_ws/src/cafe_bot/src/task3.cpp:26:42:[m[K [01;31m[Kerror: [m[Kâ€˜[01m[Knav_next[m[Kâ€™ is not a member of â€˜[01m[KNavigator[m[Kâ€™
[2.416s]    26 |       "/done", 10, std::bind(&Navigator::[01;31m[Knav_next[m[K, this, std::placeholders::_1));
[2.416s]       |                                          [01;31m[K^~~~~~~~[m[K
[2.422s] [01m[K/home/ayush/Documents/cafeBot_ws/src/cafe_bot/src/task3.cpp:[m[K In member function â€˜[01m[Kvoid Navigator::nav_kitchen()[m[Kâ€™:
[2.422s] [01m[K/home/ayush/Documents/cafeBot_ws/src/cafe_bot/src/task3.cpp:65:5:[m[K [01;31m[Kerror: [m[Kâ€˜[01m[Kgoal_pos_pub_[m[Kâ€™ was not declared in this scope; did you mean â€˜[01m[Kgoal_pose_[m[Kâ€™?
[2.422s]    65 |     [01;31m[Kgoal_pos_pub_[m[K->publish(goal_msg);
[2.422s]       |     [01;31m[K^~~~~~~~~~~~~[m[K
[2.422s]       |     [32m[Kgoal_pose_[m[K
[2.430s] [01m[K/home/ayush/Documents/cafeBot_ws/src/cafe_bot/src/task3.cpp:[m[K In member function â€˜[01m[Kvoid Navigator::nav_table(std_msgs::msg::Int8_<std::allocator<void> >::SharedPtr)[m[Kâ€™:
[2.430s] [01m[K/home/ayush/Documents/cafeBot_ws/src/cafe_bot/src/task3.cpp:115:5:[m[K [01;31m[Kerror: [m[Kâ€˜[01m[Kgoal_pos_pub_[m[Kâ€™ was not declared in this scope; did you mean â€˜[01m[Kgoal_pose_[m[Kâ€™?
[2.430s]   115 |     [01;31m[Kgoal_pos_pub_[m[K->publish(goal_msg);
[2.430s]       |     [01;31m[K^~~~~~~~~~~~~[m[K
[2.430s]       |     [32m[Kgoal_pose_[m[K
[2.436s] [01m[K/home/ayush/Documents/cafeBot_ws/src/cafe_bot/src/task3.cpp:[m[K In member function â€˜[01m[Kvoid Navigator::nav_home()[m[Kâ€™:
[2.436s] [01m[K/home/ayush/Documents/cafeBot_ws/src/cafe_bot/src/task3.cpp:141:5:[m[K [01;31m[Kerror: [m[Kâ€˜[01m[Kgoal_pos_pub_[m[Kâ€™ was not declared in this scope; did you mean â€˜[01m[Kgoal_pose_[m[Kâ€™?
[2.436s]   141 |     [01;31m[Kgoal_pos_pub_[m[K->publish(goal_msg);
[2.436s]       |     [01;31m[K^~~~~~~~~~~~~[m[K
[2.436s]       |     [32m[Kgoal_pose_[m[K
[2.442s] [01m[K/home/ayush/Documents/cafeBot_ws/src/cafe_bot/src/task3.cpp:[m[K In member function â€˜[01m[Kvoid Navigator::check_goal_reached()[m[Kâ€™:
[2.442s] [01m[K/home/ayush/Documents/cafeBot_ws/src/cafe_bot/src/task3.cpp:164:56:[m[K [01;31m[Kerror: [m[Kâ€˜[01m[Ktf_buffer_[m[Kâ€™ was not declared in this scope
[2.442s]   164 |       geometry_msgs::msg::TransformStamped transform = [01;31m[Ktf_buffer_[m[K.lookupTransform("map", "base_link", tf2::TimePointZero);
[2.442s]       |                                                        [01;31m[K^~~~~~~~~~[m[K
[2.449s] [01m[K/home/ayush/Documents/cafeBot_ws/src/cafe_bot/src/task3.cpp:[m[K In function â€˜[01m[Kvoid nav_next(std_msgs::msg::Bool_<std::allocator<void> >::SharedPtr)[m[Kâ€™:
[2.449s] [01m[K/home/ayush/Documents/cafeBot_ws/src/cafe_bot/src/task3.cpp:202:7:[m[K [01;31m[Kerror: [m[Kâ€˜[01m[Kdone_flag[m[Kâ€™ was not declared in this scope
[2.449s]   202 |       [01;31m[Kdone_flag[m[K=1;
[2.449s]       |       [01;31m[K^~~~~~~~~[m[K
[2.484s] [01m[K/home/ayush/Documents/cafeBot_ws/src/cafe_bot/src/task3.cpp:[m[K At global scope:
[2.484s] [01m[K/home/ayush/Documents/cafeBot_ws/src/cafe_bot/src/task3.cpp:212:19:[m[K [01;31m[Kerror: [m[Kno matching function for call to â€˜[01m[Ktf2_ros::Buffer::Buffer()[m[Kâ€™
[2.484s]   212 |   tf2_ros::Buffer [01;31m[Ktf_buffer_[m[K;
[2.484s]       |                   [01;31m[K^~~~~~~~~~[m[K
[2.484s] In file included from [01m[K/home/ayush/Documents/cafeBot_ws/src/cafe_bot/src/task3.cpp:6[m[K:
[2.484s] [01m[K/opt/ros/humble/include/tf2_ros/tf2_ros/buffer.h:73:18:[m[K [01;36m[Knote: [m[Kcandidate: â€˜[01m[Ktf2_ros::Buffer::Buffer(rclcpp::Clock::SharedPtr, tf2::Duration, rclcpp::Node::SharedPtr)[m[Kâ€™
[2.484s]    73 |   TF2_ROS_PUBLIC [01;36m[KBuffer[m[K(
[2.484s]       |                  [01;36m[K^~~~~~[m[K
[2.492s] [01m[K/opt/ros/humble/include/tf2_ros/tf2_ros/buffer.h:73:18:[m[K [01;36m[Knote: [m[K  candidate expects 3 arguments, 0 provided
[2.492s] [01m[K/home/ayush/Documents/cafeBot_ws/src/cafe_bot/src/task3.cpp:213:30:[m[K [01;31m[Kerror: [m[Kno matching function for call to â€˜[01m[Ktf2_ros::TransformListener::TransformListener()[m[Kâ€™
[2.492s]   213 |   tf2_ros::TransformListener [01;31m[Ktf_listener_[m[K;
[2.492s]       |                              [01;31m[K^~~~~~~~~~~~[m[K
[2.493s] In file included from [01m[K/home/ayush/Documents/cafeBot_ws/src/cafe_bot/src/task3.cpp:5[m[K:
[2.493s] [01m[K/opt/ros/humble/include/tf2_ros/tf2_ros/transform_listener.h:90:3:[m[K [01;36m[Knote: [m[Kcandidate: â€˜[01m[Ktemplate<class NodeT, class AllocatorT> tf2_ros::TransformListener::TransformListener(tf2::BufferCore&, NodeT&&, bool, const rclcpp::QoS&, const rclcpp::QoS&, const rclcpp::SubscriptionOptionsWithAllocator<AllocatorT>&, const rclcpp::SubscriptionOptionsWithAllocator<AllocatorT>&)[m[Kâ€™
[2.493s]    90 |   [01;36m[KTransformListener[m[K(
[2.493s]       |   [01;36m[K^~~~~~~~~~~~~~~~~[m[K
[2.493s] [01m[K/opt/ros/humble/include/tf2_ros/tf2_ros/transform_listener.h:90:3:[m[K [01;36m[Knote: [m[K  template argument deduction/substitution failed:
[2.493s] [01m[K/home/ayush/Documents/cafeBot_ws/src/cafe_bot/src/task3.cpp:213:30:[m[K [01;36m[Knote: [m[K  candidate expects 7 arguments, 0 provided
[2.493s]   213 |   tf2_ros::TransformListener [01;36m[Ktf_listener_[m[K;
[2.493s]       |                              [01;36m[K^~~~~~~~~~~~[m[K
[2.494s] In file included from [01m[K/home/ayush/Documents/cafeBot_ws/src/cafe_bot/src/task3.cpp:5[m[K:
[2.494s] [01m[K/opt/ros/humble/include/tf2_ros/tf2_ros/transform_listener.h:87:12:[m[K [01;36m[Knote: [m[Kcandidate: â€˜[01m[Ktf2_ros::TransformListener::TransformListener(tf2::BufferCore&, bool)[m[Kâ€™
[2.494s]    87 |   explicit [01;36m[KTransformListener[m[K(tf2::BufferCore & buffer, bool spin_thread = true);
[2.494s]       |            [01;36m[K^~~~~~~~~~~~~~~~~[m[K
[2.494s] [01m[K/opt/ros/humble/include/tf2_ros/tf2_ros/transform_listener.h:87:12:[m[K [01;36m[Knote: [m[K  candidate expects 2 arguments, 0 provided
[2.494s] [01m[K/home/ayush/Documents/cafeBot_ws/src/cafe_bot/src/task3.cpp:214:1:[m[K [01;31m[Kerror: [m[Kexpected declaration before â€˜[01m[K}[m[Kâ€™ token
[2.494s]   214 | [01;31m[K}[m[K;
[2.494s]       | [01;31m[K^[m[K
[4.380s] gmake[2]: *** [CMakeFiles/task3.dir/build.make:76: CMakeFiles/task3.dir/src/task3.cpp.o] Error 1
[4.380s] gmake[1]: *** [CMakeFiles/Makefile2:221: CMakeFiles/task3.dir/all] Error 2
[4.380s] gmake: *** [Makefile:146: all] Error 2
[4.382s] Invoked command in '/home/ayush/Documents/cafeBot_ws/build/cafe_bot' returned '2': CMAKE_PREFIX_PATH=${CMAKE_PREFIX_PATH}:/opt/ros/humble /usr/bin/cmake --build /home/ayush/Documents/cafeBot_ws/build/cafe_bot -- -j12 -l12
